This is pdfTeX, Version 3.141592653-2.6-1.40.29 (MiKTeX 26.2) (preloaded format=pdflatex 2026.4.4)  15 APR 2026 08:47
entering extended mode
 restricted \write18 enabled.
 file:line:error style messages enabled.
 %&-line parsing enabled.
**c:/Users/4GAMERS/Documents/GitHub/EIT_interface/presentation/presentation.tex
(c:/Users/4GAMERS/Documents/GitHub/EIT_interface/presentation/presentation.tex
LaTeX2e <2025-11-01>
L3 programming layer <2026-01-19>
(C:\Users\4GAMERS\AppData\Local\Programs\MiKTeX\tex/latex/beamer\beamer.cls
Document Class: beamer 2026/01/22 v3.77 A class for typesetting presentations
(C:\Users\4GAMERS\AppData\Local\Programs\MiKTeX\tex/latex/beamer\beamerbasemodes.sty (C:\Users\4GAMERS\AppData\Local\Programs\MiKTeX\tex/latex/etoolbox\etoolbox.sty
Package: etoolbox 2025/10/02 v2.5m e-TeX tools for LaTeX (JAW)
\etb@tempcnta=\count275
)
\beamer@tempbox=\box53
\beamer@tempcount=\count276
\c@beamerpauses=\count277
 (C:\Users\4GAMERS\AppData\Local\Programs\MiKTeX\tex/latex/beamer\beamerbasedecode.sty
\beamer@slideinframe=\count278
\beamer@minimum=\count279
\beamer@decode@box=\box54
)
\beamer@commentbox=\box55
\beamer@modecount=\count280
) (C:\Users\4GAMERS\AppData\Local\Programs\MiKTeX\tex/generic/iftex\iftex.sty
Package: iftex 2024/12/12 v1.0g TeX engine tests
)
\headdp=\dimen148
\footheight=\dimen149
\sidebarheight=\dimen150
\beamer@tempdim=\dimen151
\beamer@finalheight=\dimen152
\beamer@animht=\dimen153
\beamer@animdp=\dimen154
\beamer@animwd=\dimen155
\beamer@leftmargin=\dimen156
\beamer@rightmargin=\dimen157
\beamer@leftsidebar=\dimen158
\beamer@rightsidebar=\dimen159
\beamer@boxsize=\dimen160
\beamer@vboxoffset=\dimen161
\beamer@descdefault=\dimen162
\beamer@descriptionwidth=\dimen163
\beamer@lastskip=\skip49
\beamer@areabox=\box56
\beamer@animcurrent=\box57
\beamer@animshowbox=\box58
\beamer@sectionbox=\box59
\beamer@logobox=\box60
\beamer@linebox=\box61
\beamer@sectioncount=\count281
\beamer@subsubsectionmax=\count282
\beamer@subsectionmax=\count283
\beamer@sectionmax=\count284
\beamer@totalheads=\count285
\beamer@headcounter=\count286
\beamer@partstartpage=\count287
\beamer@sectionstartpage=\count288
\beamer@subsectionstartpage=\count289
\beamer@animationtempa=\count290
\beamer@animationtempb=\count291
\beamer@xpos=\count292
\beamer@ypos=\count293
\beamer@ypos@offset=\count294
\beamer@showpartnumber=\count295
\beamer@currentsubsection=\count296
\beamer@coveringdepth=\count297
\beamer@sectionadjust=\count298
\beamer@toclastsection=\count299
\beamer@tocsectionnumber=\count300
 (C:\Users\4GAMERS\AppData\Local\Programs\MiKTeX\tex/latex/beamer\beamerbaseoptions.sty (C:\Users\4GAMERS\AppData\Local\Programs\MiKTeX\tex/latex/graphics\keyval.sty
Package: keyval 2022/05/29 v1.15 key=value parser (DPC)
\KV@toks@=\toks17
))
\beamer@paperwidth=\skip50
\beamer@paperheight=\skip51
 (C:\Users\4GAMERS\AppData\Local\Programs\MiKTeX\tex/latex/geometry\geometry.sty
Package: geometry 2026/03/07 v6.0 Page Geometry
 (C:\Users\4GAMERS\AppData\Local\Programs\MiKTeX\tex/generic/iftex\ifvtex.sty
Package: ifvtex 2019/10/25 v1.7 ifvtex legacy package. Use iftex instead.
)
\Gm@cnth=\count301
\Gm@cntv=\count302
\c@Gm@tempcnt=\count303
\Gm@bindingoffset=\dimen164
\Gm@wd@mp=\dimen165
\Gm@odd@mp=\dimen166
\Gm@even@mp=\dimen167
\Gm@layoutwidth=\dimen168
\Gm@layoutheight=\dimen169
\Gm@layouthoffset=\dimen170
\Gm@layoutvoffset=\dimen171
\Gm@dimlist=\toks18
 (C:\Users\4GAMERS\AppData\Local\Programs\MiKTeX\tex/latex/geometry\geometry.cfg)) (C:\Users\4GAMERS\AppData\Local\Programs\MiKTeX\tex/latex/pgf/math\pgfmath.sty (C:\Users\4GAMERS\AppData\Local\Programs\MiKTeX\tex/latex/pgf/utilities\pgfrcs.sty (C:\Users\4GAMERS\AppData\Local\Programs\MiKTeX\tex/generic/pgf/utilities\pgfutil-common.tex
\pgfutil@everybye=\toks19
\pgfutil@tempdima=\dimen172
\pgfutil@tempdimb=\dimen173
) (C:\Users\4GAMERS\AppData\Local\Programs\MiKTeX\tex/generic/pgf/utilities\pgfutil-latex.def
\pgfutil@abb=\box62
) (C:\Users\4GAMERS\AppData\Local\Programs\MiKTeX\tex/generic/pgf/utilities\pgfrcs.code.tex (C:\Users\4GAMERS\AppData\Local\Programs\MiKTeX\tex/generic/pgf\pgf.revision.tex)
Package: pgfrcs 2025-08-29 v3.1.11a (3.1.11a)
)) (C:\Users\4GAMERS\AppData\Local\Programs\MiKTeX\tex/latex/pgf/utilities\pgfkeys.sty (C:\Users\4GAMERS\AppData\Local\Programs\MiKTeX\tex/generic/pgf/utilities\pgfkeys.code.tex
\pgfkeys@pathtoks=\toks20
\pgfkeys@temptoks=\toks21
 (C:\Users\4GAMERS\AppData\Local\Programs\MiKTeX\tex/generic/pgf/utilities\pgfkeyslibraryfiltered.code.tex
\pgfkeys@tmptoks=\toks22
))) (C:\Users\4GAMERS\AppData\Local\Programs\MiKTeX\tex/generic/pgf/math\pgfmath.code.tex (C:\Users\4GAMERS\AppData\Local\Programs\MiKTeX\tex/generic/pgf/math\pgfmathutil.code.tex
\pgf@x=\dimen174
\pgf@xa=\dimen175
\pgf@xb=\dimen176
\pgf@xc=\dimen177
\pgf@y=\dimen178
\pgf@ya=\dimen179
\pgf@yb=\dimen180
\pgf@yc=\dimen181
\c@pgf@counta=\count304
\c@pgf@countb=\count305
\c@pgf@countc=\count306
\c@pgf@countd=\count307
) (C:\Users\4GAMERS\AppData\Local\Programs\MiKTeX\tex/generic/pgf/math\pgfmathparser.code.tex
\pgfmath@dimen=\dimen182
\pgfmath@count=\count308
\pgfmath@box=\box63
\pgfmath@toks=\toks23
\pgfmath@stack@operand=\toks24
\pgfmath@stack@operation=\toks25
) (C:\Users\4GAMERS\AppData\Local\Programs\MiKTeX\tex/generic/pgf/math\pgfmathfunctions.code.tex) (C:\Users\4GAMERS\AppData\Local\Programs\MiKTeX\tex/generic/pgf/math\pgfmathfunctions.basic.code.tex) (C:\Users\4GAMERS\AppData\Local\Programs\MiKTeX\tex/generic/pgf/math\pgfmathfunctions.trigonometric.code.tex) (C:\Users\4GAMERS\AppData\Local\Programs\MiKTeX\tex/generic/pgf/math\pgfmathfunctions.random.code.tex) (C:\Users\4GAMERS\AppData\Local\Programs\MiKTeX\tex/generic/pgf/math\pgfmathfunctions.comparison.code.tex) (C:\Users\4GAMERS\AppData\Local\Programs\MiKTeX\tex/generic/pgf/math\pgfmathfunctions.base.code.tex) (C:\Users\4GAMERS\AppData\Local\Programs\MiKTeX\tex/generic/pgf/math\pgfmathfunctions.round.code.tex) (C:\Users\4GAMERS\AppData\Local\Programs\MiKTeX\tex/generic/pgf/math\pgfmathfunctions.misc.code.tex) (C:\Users\4GAMERS\AppData\Local\Programs\MiKTeX\tex/generic/pgf/math\pgfmathfunctions.integerarithmetics.code.tex) (C:\Users\4GAMERS\AppData\Local\Programs\MiKTeX\tex/generic/pgf/math\pgfmathcalc.code.tex) (C:\Users\4GAMERS\AppData\Local\Programs\MiKTeX\tex/generic/pgf/math\pgfmathfloat.code.tex
\c@pgfmathroundto@lastzeros=\count309
))) (C:\Users\4GAMERS\AppData\Local\Programs\MiKTeX\tex/latex/base\size11.clo
File: size11.clo 2025/01/22 v1.4n Standard LaTeX file (size option)
) (C:\Users\4GAMERS\AppData\Local\Programs\MiKTeX\tex/latex/pgf/basiclayer\pgfcore.sty (C:\Users\4GAMERS\AppData\Local\Programs\MiKTeX\tex/latex/graphics\graphicx.sty
Package: graphicx 2024/12/31 v1.2e Enhanced LaTeX Graphics (DPC,SPQR)
 (C:\Users\4GAMERS\AppData\Local\Programs\MiKTeX\tex/latex/graphics\graphics.sty
Package: graphics 2024/08/06 v1.4g Standard LaTeX Graphics (DPC,SPQR)
 (C:\Users\4GAMERS\AppData\Local\Programs\MiKTeX\tex/latex/graphics\trig.sty
Package: trig 2023/12/02 v1.11 sin cos tan (DPC)
) (C:\Users\4GAMERS\AppData\Local\Programs\MiKTeX\tex/latex/graphics-cfg\graphics.cfg
File: graphics.cfg 2016/06/04 v1.11 sample graphics configuration
)
Package graphics Info: Driver file: pdftex.def on input line 106.
 (C:\Users\4GAMERS\AppData\Local\Programs\MiKTeX\tex/latex/graphics-def\pdftex.def
File: pdftex.def 2025/09/29 v1.2d Graphics/color driver for pdftex
))
\Gin@req@height=\dimen183
\Gin@req@width=\dimen184
) (C:\Users\4GAMERS\AppData\Local\Programs\MiKTeX\tex/latex/pgf/systemlayer\pgfsys.sty (C:\Users\4GAMERS\AppData\Local\Programs\MiKTeX\tex/generic/pgf/systemlayer\pgfsys.code.tex
Package: pgfsys 2025-08-29 v3.1.11a (3.1.11a)
\pgf@x=\dimen185
\pgf@y=\dimen186
\pgf@xa=\dimen187
\pgf@ya=\dimen188
\pgf@xb=\dimen189
\pgf@yb=\dimen190
\pgf@xc=\dimen191
\pgf@yc=\dimen192
\pgf@xd=\dimen193
\pgf@yd=\dimen194
\w@pgf@writea=\write3
\r@pgf@reada=\read2
\c@pgf@counta=\count310
\c@pgf@countb=\count311
\c@pgf@countc=\count312
\c@pgf@countd=\count313
\t@pgf@toka=\toks26
\t@pgf@tokb=\toks27
\t@pgf@tokc=\toks28
\pgf@sys@id@count=\count314
 (C:\Users\4GAMERS\AppData\Local\Programs\MiKTeX\tex/generic/pgf/systemlayer\pgf.cfg
File: pgf.cfg 2025-08-29 v3.1.11a (3.1.11a)
)
Driver file for pgf: pgfsys-pdftex.def
 (C:\Users\4GAMERS\AppData\Local\Programs\MiKTeX\tex/generic/pgf/systemlayer\pgfsys-pdftex.def
File: pgfsys-pdftex.def 2025-08-29 v3.1.11a (3.1.11a)
 (C:\Users\4GAMERS\AppData\Local\Programs\MiKTeX\tex/generic/pgf/systemlayer\pgfsys-common-pdf.def
File: pgfsys-common-pdf.def 2025-08-29 v3.1.11a (3.1.11a)
))) (C:\Users\4GAMERS\AppData\Local\Programs\MiKTeX\tex/generic/pgf/systemlayer\pgfsyssoftpath.code.tex
File: pgfsyssoftpath.code.tex 2025-08-29 v3.1.11a (3.1.11a)
\pgfsyssoftpath@smallbuffer@items=\count315
\pgfsyssoftpath@bigbuffer@items=\count316
) (C:\Users\4GAMERS\AppData\Local\Programs\MiKTeX\tex/generic/pgf/systemlayer\pgfsysprotocol.code.tex
File: pgfsysprotocol.code.tex 2025-08-29 v3.1.11a (3.1.11a)
)) (C:\Users\4GAMERS\AppData\Local\Programs\MiKTeX\tex/latex/xcolor\xcolor.sty
Package: xcolor 2024/09/29 v3.02 LaTeX color extensions (UK)
 (C:\Users\4GAMERS\AppData\Local\Programs\MiKTeX\tex/latex/graphics-cfg\color.cfg
File: color.cfg 2016/01/02 v1.6 sample color configuration
)
Package xcolor Info: Driver file: pdftex.def on input line 274.
 (C:\Users\4GAMERS\AppData\Local\Programs\MiKTeX\tex/latex/graphics\mathcolor.ltx)
Package xcolor Info: Model `cmy' substituted by `cmy0' on input line 1349.
Package xcolor Info: Model `hsb' substituted by `rgb' on input line 1353.
Package xcolor Info: Model `RGB' extended on input line 1365.
Package xcolor Info: Model `HTML' substituted by `rgb' on input line 1367.
Package xcolor Info: Model `Hsb' substituted by `hsb' on input line 1368.
Package xcolor Info: Model `tHsb' substituted by `hsb' on input line 1369.
Package xcolor Info: Model `HSB' substituted by `hsb' on input line 1370.
Package xcolor Info: Model `Gray' substituted by `gray' on input line 1371.
Package xcolor Info: Model `wave' substituted by `hsb' on input line 1372.
) (C:\Users\4GAMERS\AppData\Local\Programs\MiKTeX\tex/generic/pgf/basiclayer\pgfcore.code.tex
Package: pgfcore 2025-08-29 v3.1.11a (3.1.11a)
 (C:\Users\4GAMERS\AppData\Local\Programs\MiKTeX\tex/generic/pgf/math\pgfint.code.tex) (C:\Users\4GAMERS\AppData\Local\Programs\MiKTeX\tex/generic/pgf/basiclayer\pgfcorepoints.code.tex
File: pgfcorepoints.code.tex 2025-08-29 v3.1.11a (3.1.11a)
\pgf@picminx=\dimen195
\pgf@picmaxx=\dimen196
\pgf@picminy=\dimen197
\pgf@picmaxy=\dimen198
\pgf@pathminx=\dimen199
\pgf@pathmaxx=\dimen256
\pgf@pathminy=\dimen257
\pgf@pathmaxy=\dimen258
\pgf@xx=\dimen259
\pgf@xy=\dimen260
\pgf@yx=\dimen261
\pgf@yy=\dimen262
\pgf@zx=\dimen263
\pgf@zy=\dimen264
) (C:\Users\4GAMERS\AppData\Local\Programs\MiKTeX\tex/generic/pgf/basiclayer\pgfcorepathconstruct.code.tex
File: pgfcorepathconstruct.code.tex 2025-08-29 v3.1.11a (3.1.11a)
\pgf@path@lastx=\dimen265
\pgf@path@lasty=\dimen266
) (C:\Users\4GAMERS\AppData\Local\Programs\MiKTeX\tex/generic/pgf/basiclayer\pgfcorepathusage.code.tex
File: pgfcorepathusage.code.tex 2025-08-29 v3.1.11a (3.1.11a)
\pgf@shorten@end@additional=\dimen267
\pgf@shorten@start@additional=\dimen268
) (C:\Users\4GAMERS\AppData\Local\Programs\MiKTeX\tex/generic/pgf/basiclayer\pgfcorescopes.code.tex
File: pgfcorescopes.code.tex 2025-08-29 v3.1.11a (3.1.11a)
\pgfpic=\box64
\pgf@hbox=\box65
\pgf@layerbox@main=\box66
\pgf@picture@serial@count=\count317
) (C:\Users\4GAMERS\AppData\Local\Programs\MiKTeX\tex/generic/pgf/basiclayer\pgfcoregraphicstate.code.tex
File: pgfcoregraphicstate.code.tex 2025-08-29 v3.1.11a (3.1.11a)
\pgflinewidth=\dimen269
) (C:\Users\4GAMERS\AppData\Local\Programs\MiKTeX\tex/generic/pgf/basiclayer\pgfcoretransformations.code.tex
File: pgfcoretransformations.code.tex 2025-08-29 v3.1.11a (3.1.11a)
\pgf@pt@x=\dimen270
\pgf@pt@y=\dimen271
\pgf@pt@temp=\dimen272
) (C:\Users\4GAMERS\AppData\Local\Programs\MiKTeX\tex/generic/pgf/basiclayer\pgfcorequick.code.tex
File: pgfcorequick.code.tex 2025-08-29 v3.1.11a (3.1.11a)
) (C:\Users\4GAMERS\AppData\Local\Programs\MiKTeX\tex/generic/pgf/basiclayer\pgfcoreobjects.code.tex
File: pgfcoreobjects.code.tex 2025-08-29 v3.1.11a (3.1.11a)
) (C:\Users\4GAMERS\AppData\Local\Programs\MiKTeX\tex/generic/pgf/basiclayer\pgfcorepathprocessing.code.tex
File: pgfcorepathprocessing.code.tex 2025-08-29 v3.1.11a (3.1.11a)
) (C:\Users\4GAMERS\AppData\Local\Programs\MiKTeX\tex/generic/pgf/basiclayer\pgfcorearrows.code.tex
File: pgfcorearrows.code.tex 2025-08-29 v3.1.11a (3.1.11a)
\pgfarrowsep=\dimen273
) (C:\Users\4GAMERS\AppData\Local\Programs\MiKTeX\tex/generic/pgf/basiclayer\pgfcoreshade.code.tex
File: pgfcoreshade.code.tex 2025-08-29 v3.1.11a (3.1.11a)
\pgf@max=\dimen274
\pgf@sys@shading@range@num=\count318
\pgf@shadingcount=\count319
) (C:\Users\4GAMERS\AppData\Local\Programs\MiKTeX\tex/generic/pgf/basiclayer\pgfcoreimage.code.tex
File: pgfcoreimage.code.tex 2025-08-29 v3.1.11a (3.1.11a)
) (C:\Users\4GAMERS\AppData\Local\Programs\MiKTeX\tex/generic/pgf/basiclayer\pgfcoreexternal.code.tex
File: pgfcoreexternal.code.tex 2025-08-29 v3.1.11a (3.1.11a)
\pgfexternal@startupbox=\box67
) (C:\Users\4GAMERS\AppData\Local\Programs\MiKTeX\tex/generic/pgf/basiclayer\pgfcorelayers.code.tex
File: pgfcorelayers.code.tex 2025-08-29 v3.1.11a (3.1.11a)
) (C:\Users\4GAMERS\AppData\Local\Programs\MiKTeX\tex/generic/pgf/basiclayer\pgfcoretransparency.code.tex
File: pgfcoretransparency.code.tex 2025-08-29 v3.1.11a (3.1.11a)
) (C:\Users\4GAMERS\AppData\Local\Programs\MiKTeX\tex/generic/pgf/basiclayer\pgfcorepatterns.code.tex
File: pgfcorepatterns.code.tex 2025-08-29 v3.1.11a (3.1.11a)
) (C:\Users\4GAMERS\AppData\Local\Programs\MiKTeX\tex/generic/pgf/basiclayer\pgfcorerdf.code.tex
File: pgfcorerdf.code.tex 2025-08-29 v3.1.11a (3.1.11a)
))) (C:\Users\4GAMERS\AppData\Local\Programs\MiKTeX\tex/latex/pgf/utilities\xxcolor.sty
Package: xxcolor 2003/10/24 ver 0.1
\XC@nummixins=\count320
\XC@countmixins=\count321
) (C:\Users\4GAMERS\AppData\Local\Programs\MiKTeX\tex/latex/base\atbegshi-ltx.sty
Package: atbegshi-ltx 2021/01/10 v1.0c Emulation of the original atbegshi
package with kernel methods
) (C:\Users\4GAMERS\AppData\Local\Programs\MiKTeX\tex/latex/hyperref\hyperref.sty
Package: hyperref 2026-01-29 v7.01p Hypertext links for LaTeX
 (C:\Users\4GAMERS\AppData\Local\Programs\MiKTeX\tex/latex/kvsetkeys\kvsetkeys.sty
Package: kvsetkeys 2022-10-05 v1.19 Key value parser (HO)
) (C:\Users\4GAMERS\AppData\Local\Programs\MiKTeX\tex/generic/kvdefinekeys\kvdefinekeys.sty
Package: kvdefinekeys 2019-12-19 v1.6 Define keys (HO)
) (C:\Users\4GAMERS\AppData\Local\Programs\MiKTeX\tex/generic/pdfescape\pdfescape.sty
Package: pdfescape 2019/12/09 v1.15 Implements pdfTeX's escape features (HO)
 (C:\Users\4GAMERS\AppData\Local\Programs\MiKTeX\tex/generic/ltxcmds\ltxcmds.sty
Package: ltxcmds 2023-12-04 v1.26 LaTeX kernel commands for general use (HO)
) (C:\Users\4GAMERS\AppData\Local\Programs\MiKTeX\tex/generic/pdftexcmds\pdftexcmds.sty
Package: pdftexcmds 2020-06-27 v0.33 Utility functions of pdfTeX for LuaTeX (HO)
 (C:\Users\4GAMERS\AppData\Local\Programs\MiKTeX\tex/generic/infwarerr\infwarerr.sty
Package: infwarerr 2019/12/03 v1.5 Providing info/warning/error messages (HO)
)
Package pdftexcmds Info: \pdf@primitive is available.
Package pdftexcmds Info: \pdf@ifprimitive is available.
Package pdftexcmds Info: \pdfdraftmode found.
)) (C:\Users\4GAMERS\AppData\Local\Programs\MiKTeX\tex/latex/hycolor\hycolor.sty
Package: hycolor 2020-01-27 v1.10 Color options for hyperref/bookmark (HO)
) (C:\Users\4GAMERS\AppData\Local\Programs\MiKTeX\tex/latex/hyperref\nameref.sty
Package: nameref 2026-01-29 v2.58 Cross-referencing by name of section
 (C:\Users\4GAMERS\AppData\Local\Programs\MiKTeX\tex/latex/refcount\refcount.sty
Package: refcount 2019/12/15 v3.6 Data extraction from label references (HO)
) (C:\Users\4GAMERS\AppData\Local\Programs\MiKTeX\tex/generic/gettitlestring\gettitlestring.sty
Package: gettitlestring 2019/12/15 v1.6 Cleanup title references (HO)
 (C:\Users\4GAMERS\AppData\Local\Programs\MiKTeX\tex/latex/kvoptions\kvoptions.sty
Package: kvoptions 2022-06-15 v3.15 Key value format for package options (HO)
))
\c@section@level=\count322
) (C:\Users\4GAMERS\AppData\Local\Programs\MiKTeX\tex/generic/stringenc\stringenc.sty
Package: stringenc 2019/11/29 v1.12 Convert strings between diff. encodings (HO)
)
\@linkdim=\dimen275
\Hy@linkcounter=\count323
\Hy@pagecounter=\count324
 (C:\Users\4GAMERS\AppData\Local\Programs\MiKTeX\tex/latex/hyperref\pd1enc.def
File: pd1enc.def 2026-01-29 v7.01p Hyperref: PDFDocEncoding definition (HO)
Now handling font encoding PD1 ...
... no UTF-8 mapping file for font encoding PD1
) (C:\Users\4GAMERS\AppData\Local\Programs\MiKTeX\tex/generic/intcalc\intcalc.sty
Package: intcalc 2019/12/15 v1.3 Expandable calculations with integers (HO)
)
\Hy@SavedSpaceFactor=\count325
 (C:\Users\4GAMERS\AppData\Local\Programs\MiKTeX\tex/latex/hyperref\puenc.def
File: puenc.def 2026-01-29 v7.01p Hyperref: PDF Unicode definition (HO)
Now handling font encoding PU ...
... no UTF-8 mapping file for font encoding PU
)
Package hyperref Info: Option `bookmarks' set `true' on input line 4072.
Package hyperref Info: Option `bookmarksopen' set `true' on input line 4072.
Package hyperref Info: Option `implicit' set `false' on input line 4072.
Package hyperref Info: Hyper figures OFF on input line 4201.
Package hyperref Info: Link nesting OFF on input line 4206.
Package hyperref Info: Hyper index ON on input line 4209.
Package hyperref Info: Plain pages OFF on input line 4216.
Package hyperref Info: Backreferencing OFF on input line 4221.
Package hyperref Info: Implicit mode OFF; no redefinition of LaTeX internals.
Package hyperref Info: Bookmarks ON on input line 4468.
\c@Hy@tempcnt=\count326
 (C:\Users\4GAMERS\AppData\Local\Programs\MiKTeX\tex/latex/url\url.sty
\Urlmuskip=\muskip17
Package: url 2013/09/16  ver 3.4  Verb mode for urls, etc.
)
LaTeX Info: Redefining \url on input line 4807.
\XeTeXLinkMargin=\dimen276
 (C:\Users\4GAMERS\AppData\Local\Programs\MiKTeX\tex/generic/bitset\bitset.sty
Package: bitset 2019/12/09 v1.3 Handle bit-vector datatype (HO)
 (C:\Users\4GAMERS\AppData\Local\Programs\MiKTeX\tex/generic/bigintcalc\bigintcalc.sty
Package: bigintcalc 2019/12/15 v1.5 Expandable calculations on big integers (HO)
))
\Fld@menulength=\count327
\Field@Width=\dimen277
\Fld@charsize=\dimen278
Package hyperref Info: Hyper figures OFF on input line 6084.
Package hyperref Info: Link nesting OFF on input line 6089.
Package hyperref Info: Hyper index ON on input line 6092.
Package hyperref Info: backreferencing OFF on input line 6099.
Package hyperref Info: Link coloring OFF on input line 6104.
Package hyperref Info: Link coloring with OCG OFF on input line 6109.
Package hyperref Info: PDF/A mode OFF on input line 6114.
\Hy@abspage=\count328


Package hyperref Message: Stopped early.

)
Package hyperref Info: Driver (autodetected): hpdftex.
 (C:\Users\4GAMERS\AppData\Local\Programs\MiKTeX\tex/latex/hyperref\hpdftex.def
File: hpdftex.def 2026-01-29 v7.01p Hyperref driver for pdfTeX
\Fld@listcount=\count329
\c@bookmark@seq@number=\count330
 (C:\Users\4GAMERS\AppData\Local\Programs\MiKTeX\tex/latex/rerunfilecheck\rerunfilecheck.sty
Package: rerunfilecheck 2025-06-21 v1.11 Rerun checks for auxiliary files (HO)
 (C:\Users\4GAMERS\AppData\Local\Programs\MiKTeX\tex/generic/uniquecounter\uniquecounter.sty
Package: uniquecounter 2019/12/15 v1.4 Provide unlimited unique counter (HO)
)
Package uniquecounter Info: New unique counter `rerunfilecheck' on input line 284.
)) (C:\Users\4GAMERS\AppData\Local\Programs\MiKTeX\tex/latex/beamer\beamerbaserequires.sty (C:\Users\4GAMERS\AppData\Local\Programs\MiKTeX\tex/latex/beamer\beamerbasecompatibility.sty) (C:\Users\4GAMERS\AppData\Local\Programs\MiKTeX\tex/latex/beamer\beamerbasefont.sty (C:\Users\4GAMERS\AppData\Local\Programs\MiKTeX\tex/latex/amsfonts\amssymb.sty
Package: amssymb 2013/01/14 v3.01 AMS font symbols
 (C:\Users\4GAMERS\AppData\Local\Programs\MiKTeX\tex/latex/amsfonts\amsfonts.sty
Package: amsfonts 2013/01/14 v3.01 Basic AMSFonts support
\@emptytoks=\toks29
\symAMSa=\mathgroup4
\symAMSb=\mathgroup5
LaTeX Font Info:    Redeclaring math symbol \hbar on input line 98.
LaTeX Font Info:    Overwriting math alphabet `\mathfrak' in version `bold'
(Font)                  U/euf/m/n --> U/euf/b/n on input line 106.
)) (C:\Users\4GAMERS\AppData\Local\Programs\MiKTeX\tex/latex/sansmathaccent\sansmathaccent.sty
Package: sansmathaccent 2020/01/31
 (C:\Users\4GAMERS\AppData\Local\Programs\MiKTeX\tex/latex/koma-script\scrlfile.sty
Package: scrlfile 2026/02/02 v3.49.2 KOMA-Script package (file load hooks)
 (C:\Users\4GAMERS\AppData\Local\Programs\MiKTeX\tex/latex/koma-script\scrlfile-hook.sty
Package: scrlfile-hook 2026/02/02 v3.49.2 KOMA-Script package (using LaTeX hooks)
 (C:\Users\4GAMERS\AppData\Local\Programs\MiKTeX\tex/latex/koma-script\scrlogo.sty
Package: scrlogo 2026/02/02 v3.49.2 KOMA-Script package (logo)
))))) (C:\Users\4GAMERS\AppData\Local\Programs\MiKTeX\tex/latex/beamer\beamerbasetranslator.sty (C:\Users\4GAMERS\AppData\Local\Programs\MiKTeX\tex/latex/translator\translator.sty
Package: translator 2021-05-31 v1.12d Easy translation of strings in LaTeX
)) (C:\Users\4GAMERS\AppData\Local\Programs\MiKTeX\tex/latex/beamer\beamerbasemisc.sty) (C:\Users\4GAMERS\AppData\Local\Programs\MiKTeX\tex/latex/beamer\beamerbasetwoscreens.sty) (C:\Users\4GAMERS\AppData\Local\Programs\MiKTeX\tex/latex/beamer\beamerbaseoverlay.sty
\beamer@argscount=\count331
\beamer@lastskipcover=\skip52
\beamer@trivlistdepth=\count332
) (C:\Users\4GAMERS\AppData\Local\Programs\MiKTeX\tex/latex/beamer\beamerbasetitle.sty) (C:\Users\4GAMERS\AppData\Local\Programs\MiKTeX\tex/latex/beamer\beamerbasesection.sty
\c@lecture=\count333
\c@part=\count334
\c@section=\count335
\c@subsection=\count336
\c@subsubsection=\count337
) (C:\Users\4GAMERS\AppData\Local\Programs\MiKTeX\tex/latex/beamer\beamerbaseframe.sty
\beamer@framebox=\box68
\beamer@frametitlebox=\box69
\beamer@zoombox=\box70
\beamer@zoomcount=\count338
\beamer@zoomframecount=\count339
\beamer@frametextheight=\dimen279
\c@subsectionslide=\count340
\beamer@frametopskip=\skip53
\beamer@framebottomskip=\skip54
\beamer@frametopskipautobreak=\skip55
\beamer@framebottomskipautobreak=\skip56
\beamer@envbody=\toks30
\framewidth=\dimen280
\c@framenumber=\count341
) (C:\Users\4GAMERS\AppData\Local\Programs\MiKTeX\tex/latex/beamer\beamerbaseverbatim.sty
\beamer@verbatimfileout=\write4
) (C:\Users\4GAMERS\AppData\Local\Programs\MiKTeX\tex/latex/beamer\beamerbaseframesize.sty
\beamer@splitbox=\box71
\beamer@autobreakcount=\count342
\beamer@autobreaklastheight=\dimen281
\beamer@frametitletoks=\toks31
\beamer@framesubtitletoks=\toks32
) (C:\Users\4GAMERS\AppData\Local\Programs\MiKTeX\tex/latex/beamer\beamerbaseframecomponents.sty
\beamer@colheight=\skip57
\beamer@footins=\box72
) (C:\Users\4GAMERS\AppData\Local\Programs\MiKTeX\tex/latex/beamer\beamerbasecolor.sty) (C:\Users\4GAMERS\AppData\Local\Programs\MiKTeX\tex/latex/beamer\beamerbasenotes.sty
\beamer@frameboxcopy=\box73
) (C:\Users\4GAMERS\AppData\Local\Programs\MiKTeX\tex/latex/beamer\beamerbasetoc.sty) (C:\Users\4GAMERS\AppData\Local\Programs\MiKTeX\tex/latex/beamer\beamerbasetemplates.sty
\beamer@sbttoks=\toks33
 (C:\Users\4GAMERS\AppData\Local\Programs\MiKTeX\tex/latex/beamer\beamerbaseauxtemplates.sty (C:\Users\4GAMERS\AppData\Local\Programs\MiKTeX\tex/latex/beamer\beamerbaseboxes.sty
\bmb@box=\box74
\bmb@colorbox=\box75
\bmb@boxwidth=\dimen282
\bmb@boxheight=\dimen283
\bmb@prevheight=\dimen284
\bmb@temp=\dimen285
\bmb@dima=\dimen286
\bmb@dimb=\dimen287
\bmb@prevheight=\dimen288
)
\beamer@blockheadheight=\dimen289
)) (C:\Users\4GAMERS\AppData\Local\Programs\MiKTeX\tex/latex/beamer\beamerbaselocalstructure.sty (C:\Users\4GAMERS\AppData\Local\Programs\MiKTeX\tex/latex/tools\enumerate.sty
Package: enumerate 2023/07/04 v3.00 enumerate extensions (DPC)
\@enLab=\toks34
)
\beamer@bibiconwidth=\skip58
\c@figure=\count343
\c@table=\count344
\abovecaptionskip=\skip59
\belowcaptionskip=\skip60
) (C:\Users\4GAMERS\AppData\Local\Programs\MiKTeX\tex/latex/beamer\beamerbasenavigation.sty (C:\Users\4GAMERS\AppData\Local\Programs\MiKTeX\tex/latex/beamer\beamerbasenavigationsymbols.tex)
\beamer@section@min@dim=\dimen290
) (C:\Users\4GAMERS\AppData\Local\Programs\MiKTeX\tex/latex/beamer\beamerbasetheorems.sty (C:\Users\4GAMERS\AppData\Local\Programs\MiKTeX\tex/latex/amsmath\amsmath.sty
Package: amsmath 2025/07/09 v2.17z AMS math features
\@mathmargin=\skip61

For additional information on amsmath, use the `?' option.
(C:\Users\4GAMERS\AppData\Local\Programs\MiKTeX\tex/latex/amsmath\amstext.sty
Package: amstext 2024/11/17 v2.01 AMS text
 (C:\Users\4GAMERS\AppData\Local\Programs\MiKTeX\tex/latex/amsmath\amsgen.sty
File: amsgen.sty 1999/11/30 v2.0 generic functions
\@emptytoks=\toks35
\ex@=\dimen291
)) (C:\Users\4GAMERS\AppData\Local\Programs\MiKTeX\tex/latex/amsmath\amsbsy.sty
Package: amsbsy 1999/11/29 v1.2d Bold Symbols
\pmbraise@=\dimen292
) (C:\Users\4GAMERS\AppData\Local\Programs\MiKTeX\tex/latex/amsmath\amsopn.sty
Package: amsopn 2022/04/08 v2.04 operator names
)
\inf@bad=\count345
LaTeX Info: Redefining \frac on input line 233.
\uproot@=\count346
\leftroot@=\count347
LaTeX Info: Redefining \overline on input line 398.
LaTeX Info: Redefining \colon on input line 409.
\classnum@=\count348
\DOTSCASE@=\count349
LaTeX Info: Redefining \ldots on input line 495.
LaTeX Info: Redefining \dots on input line 498.
LaTeX Info: Redefining \cdots on input line 619.
\Mathstrutbox@=\box76
\strutbox@=\box77
LaTeX Info: Redefining \big on input line 721.
LaTeX Info: Redefining \Big on input line 722.
LaTeX Info: Redefining \bigg on input line 723.
LaTeX Info: Redefining \Bigg on input line 724.
\big@size=\dimen293
LaTeX Font Info:    Redeclaring font encoding OML on input line 742.
LaTeX Font Info:    Redeclaring font encoding OMS on input line 743.
\macc@depth=\count350
LaTeX Info: Redefining \bmod on input line 904.
LaTeX Info: Redefining \pmod on input line 909.
LaTeX Info: Redefining \smash on input line 939.
LaTeX Info: Redefining \relbar on input line 969.
LaTeX Info: Redefining \Relbar on input line 970.
\c@MaxMatrixCols=\count351
\dotsspace@=\muskip18
\c@parentequation=\count352
\dspbrk@lvl=\count353
\tag@help=\toks36
\row@=\count354
\column@=\count355
\maxfields@=\count356
\andhelp@=\toks37
\eqnshift@=\dimen294
\alignsep@=\dimen295
\tagshift@=\dimen296
\tagwidth@=\dimen297
\totwidth@=\dimen298
\lineht@=\dimen299
\@envbody=\toks38
\multlinegap=\skip62
\multlinetaggap=\skip63
\mathdisplay@stack=\toks39
LaTeX Info: Redefining \[ on input line 2950.
LaTeX Info: Redefining \] on input line 2951.
) (C:\Users\4GAMERS\AppData\Local\Programs\MiKTeX\tex/latex/amscls\amsthm.sty
Package: amsthm 2020/05/29 v2.20.6
\thm@style=\toks40
\thm@bodyfont=\toks41
\thm@headfont=\toks42
\thm@notefont=\toks43
\thm@headpunct=\toks44
\thm@preskip=\skip64
\thm@postskip=\skip65
\thm@headsep=\skip66
\dth@everypar=\toks45
)
\c@theorem=\count357
) (C:\Users\4GAMERS\AppData\Local\Programs\MiKTeX\tex/latex/beamer\beamerbasethemes.sty)) (C:\Users\4GAMERS\AppData\Local\Programs\MiKTeX\tex/latex/beamer\beamerthemedefault.sty (C:\Users\4GAMERS\AppData\Local\Programs\MiKTeX\tex/latex/beamer\beamerfontthemedefault.sty) (C:\Users\4GAMERS\AppData\Local\Programs\MiKTeX\tex/latex/beamer\beamercolorthemedefault.sty) (C:\Users\4GAMERS\AppData\Local\Programs\MiKTeX\tex/latex/beamer\beamerinnerthemedefault.sty
\beamer@dima=\dimen300
\beamer@dimb=\dimen301
) (C:\Users\4GAMERS\AppData\Local\Programs\MiKTeX\tex/latex/beamer\beamerouterthemedefault.sty))) (C:\Users\4GAMERS\AppData\Local\Programs\MiKTeX\tex/latex/base\inputenc.sty
Package: inputenc 2024/02/08 v1.3d Input encoding file
\inpenc@prehook=\toks46
\inpenc@posthook=\toks47
) (C:\Users\4GAMERS\AppData\Local\Programs\MiKTeX\tex/latex/base\fontenc.sty
Package: fontenc 2025/07/18 v2.1d Standard LaTeX package
) (C:\Users\4GAMERS\AppData\Local\Programs\MiKTeX\tex/generic/babel\babel.sty
Package: babel 2026/03/24 v26.5 The multilingual framework for LuaLaTeX, pdfLaTeX and XeLaTeX
\babel@savecnt=\count358
LaTeX Encoding Info:    Redeclaring text command \ij (encoding OT1) on input line 2078.
LaTeX Encoding Info:    Redeclaring text command \IJ (encoding OT1) on input line 2080.
LaTeX Encoding Info:    Redeclaring text command \ij (encoding T1) on input line 2082.
LaTeX Encoding Info:    Redeclaring text command \IJ (encoding T1) on input line 2083.
LaTeX Encoding Info:    Ignoring declaration for text command \ij (encoding ?) on input line 2084.
LaTeX Encoding Info:    Ignoring declaration for text command \IJ (encoding ?) on input line 2086.
LaTeX Encoding Info:    Ignoring declaration for text command \SS (encoding ?) on input line 2111.
\U@D=\dimen302
\l@unhyphenated=\language79
 (C:\Users\4GAMERS\AppData\Local\Programs\MiKTeX\tex/generic/babel\txtbabel.def)
\bbl@readstream=\read3
LaTeX Info: Redefining \textlatin on input line 3974.
\bbl@dirlevel=\count359
Package babel Info: Configuration files are deprecated, as
(babel)             they can break document portability.
(babel)             Reported on input line 4206.

*************************************
* Local config file bblopts.cfg used
*
(C:\Users\4GAMERS\AppData\Local\Programs\MiKTeX\tex/latex/arabi\bblopts.cfg
File: bblopts.cfg 2005/09/08 v0.1 add Arabic and Farsi to "declared" options of babel
) (C:\Users\4GAMERS\AppData\Local\Programs\MiKTeX\tex/generic/babel/locale/pt\babel-brazilian.tex)
Package babel Info: Importing font and identification data for brazilian
(babel)             from babel-pt-BR.ini. Reported on input line 4330.
 (C:\Users\4GAMERS\AppData\Local\Programs\MiKTeX\tex/latex/babel-portuges\brazilian.ldf
Language: portuges 2026/01/24 v1.2u Portuguese support from the babel system
Package babel Info: Hyphen rules for 'brazilian' set to \l@portuguese
(babel)             (\language56). Reported on input line 100.
Package babel Info: Making " an active character on input line 132.
)) (C:\Users\4GAMERS\AppData\Local\Programs\MiKTeX\tex/latex/lm\lmodern.sty
Package: lmodern 2015/05/01 v1.6.1 Latin Modern Fonts
LaTeX Font Info:    Overwriting symbol font `operators' in version `normal'
(Font)                  OT1/cmr/m/n --> OT1/lmr/m/n on input line 22.
LaTeX Font Info:    Overwriting symbol font `letters' in version `normal'
(Font)                  OML/cmm/m/it --> OML/lmm/m/it on input line 23.
LaTeX Font Info:    Overwriting symbol font `symbols' in version `normal'
(Font)                  OMS/cmsy/m/n --> OMS/lmsy/m/n on input line 24.
LaTeX Font Info:    Overwriting symbol font `largesymbols' in version `normal'
(Font)                  OMX/cmex/m/n --> OMX/lmex/m/n on input line 25.
LaTeX Font Info:    Overwriting symbol font `operators' in version `bold'
(Font)                  OT1/cmr/bx/n --> OT1/lmr/bx/n on input line 26.
LaTeX Font Info:    Overwriting symbol font `letters' in version `bold'
(Font)                  OML/cmm/b/it --> OML/lmm/b/it on input line 27.
LaTeX Font Info:    Overwriting symbol font `symbols' in version `bold'
(Font)                  OMS/cmsy/b/n --> OMS/lmsy/b/n on input line 28.
LaTeX Font Info:    Overwriting symbol font `largesymbols' in version `bold'
(Font)                  OMX/cmex/m/n --> OMX/lmex/m/n on input line 29.
LaTeX Font Info:    Overwriting math alphabet `\mathbf' in version `normal'
(Font)                  OT1/cmr/bx/n --> OT1/lmr/bx/n on input line 31.
LaTeX Font Info:    Overwriting math alphabet `\mathsf' in version `normal'
(Font)                  OT1/cmss/m/n --> OT1/lmss/m/n on input line 32.
LaTeX Font Info:    Overwriting math alphabet `\mathit' in version `normal'
(Font)                  OT1/cmr/m/it --> OT1/lmr/m/it on input line 33.
LaTeX Font Info:    Overwriting math alphabet `\mathtt' in version `normal'
(Font)                  OT1/cmtt/m/n --> OT1/lmtt/m/n on input line 34.
LaTeX Font Info:    Overwriting math alphabet `\mathbf' in version `bold'
(Font)                  OT1/cmr/bx/n --> OT1/lmr/bx/n on input line 35.
LaTeX Font Info:    Overwriting math alphabet `\mathsf' in version `bold'
(Font)                  OT1/cmss/bx/n --> OT1/lmss/bx/n on input line 36.
LaTeX Font Info:    Overwriting math alphabet `\mathit' in version `bold'
(Font)                  OT1/cmr/bx/it --> OT1/lmr/bx/it on input line 37.
LaTeX Font Info:    Overwriting math alphabet `\mathtt' in version `bold'
(Font)                  OT1/cmtt/m/n --> OT1/lmtt/m/n on input line 38.
) (C:\Users\4GAMERS\AppData\Local\Programs\MiKTeX\tex/latex/pgf/frontendlayer\tikz.sty (C:\Users\4GAMERS\AppData\Local\Programs\MiKTeX\tex/latex/pgf/basiclayer\pgf.sty
Package: pgf 2025-08-29 v3.1.11a (3.1.11a)
 (C:\Users\4GAMERS\AppData\Local\Programs\MiKTeX\tex/generic/pgf/modules\pgfmoduleshapes.code.tex
File: pgfmoduleshapes.code.tex 2025-08-29 v3.1.11a (3.1.11a)
\pgfnodeparttextbox=\box78
) (C:\Users\4GAMERS\AppData\Local\Programs\MiKTeX\tex/generic/pgf/modules\pgfmoduleplot.code.tex
File: pgfmoduleplot.code.tex 2025-08-29 v3.1.11a (3.1.11a)
) (C:\Users\4GAMERS\AppData\Local\Programs\MiKTeX\tex/latex/pgf/compatibility\pgfcomp-version-0-65.sty
Package: pgfcomp-version-0-65 2025-08-29 v3.1.11a (3.1.11a)
\pgf@nodesepstart=\dimen303
\pgf@nodesepend=\dimen304
) (C:\Users\4GAMERS\AppData\Local\Programs\MiKTeX\tex/latex/pgf/compatibility\pgfcomp-version-1-18.sty
Package: pgfcomp-version-1-18 2025-08-29 v3.1.11a (3.1.11a)
)) (C:\Users\4GAMERS\AppData\Local\Programs\MiKTeX\tex/latex/pgf/utilities\pgffor.sty (C:\Users\4GAMERS\AppData\Local\Programs\MiKTeX\tex/generic/pgf/utilities\pgffor.code.tex
Package: pgffor 2025-08-29 v3.1.11a (3.1.11a)
\pgffor@iter=\dimen305
\pgffor@skip=\dimen306
\pgffor@stack=\toks48
\pgffor@toks=\toks49
)) (C:\Users\4GAMERS\AppData\Local\Programs\MiKTeX\tex/generic/pgf/frontendlayer/tikz\tikz.code.tex
Package: tikz 2025-08-29 v3.1.11a (3.1.11a)
 (C:\Users\4GAMERS\AppData\Local\Programs\MiKTeX\tex/generic/pgf/libraries\pgflibraryplothandlers.code.tex
File: pgflibraryplothandlers.code.tex 2025-08-29 v3.1.11a (3.1.11a)
\pgf@plot@mark@count=\count360
\pgfplotmarksize=\dimen307
)
\tikz@lastx=\dimen308
\tikz@lasty=\dimen309
\tikz@lastxsaved=\dimen310
\tikz@lastysaved=\dimen311
\tikz@lastmovetox=\dimen312
\tikz@lastmovetoy=\dimen313
\tikzleveldistance=\dimen314
\tikzsiblingdistance=\dimen315
\tikz@figbox=\box79
\tikz@figbox@bg=\box80
\tikz@tempbox=\box81
\tikz@tempbox@bg=\box82
\tikztreelevel=\count361
\tikznumberofchildren=\count362
\tikznumberofcurrentchild=\count363
\tikz@fig@count=\count364
 (C:\Users\4GAMERS\AppData\Local\Programs\MiKTeX\tex/generic/pgf/modules\pgfmodulematrix.code.tex
File: pgfmodulematrix.code.tex 2025-08-29 v3.1.11a (3.1.11a)
\pgfmatrixcurrentrow=\count365
\pgfmatrixcurrentcolumn=\count366
\pgf@matrix@numberofcolumns=\count367
)
\tikz@expandcount=\count368
 (C:\Users\4GAMERS\AppData\Local\Programs\MiKTeX\tex/generic/pgf/frontendlayer/tikz/libraries\tikzlibrarytopaths.code.tex
File: tikzlibrarytopaths.code.tex 2025-08-29 v3.1.11a (3.1.11a)
))) (C:\Users\4GAMERS\AppData\Local\Programs\MiKTeX\tex/generic/pgf/frontendlayer/tikz/libraries\tikzlibrarypositioning.code.tex
File: tikzlibrarypositioning.code.tex 2025-08-29 v3.1.11a (3.1.11a)
) (C:\Users\4GAMERS\AppData\Local\Programs\MiKTeX\tex/generic/pgf/libraries\pgflibraryarrows.meta.code.tex
File: pgflibraryarrows.meta.code.tex 2025-08-29 v3.1.11a (3.1.11a)
\pgfarrowinset=\dimen316
\pgfarrowlength=\dimen317
\pgfarrowwidth=\dimen318
\pgfarrowlinewidth=\dimen319
) (C:\Users\4GAMERS\AppData\Local\Programs\MiKTeX\tex/generic/pgf/frontendlayer/tikz/libraries\tikzlibraryshapes.geometric.code.tex
File: tikzlibraryshapes.geometric.code.tex 2025-08-29 v3.1.11a (3.1.11a)
 (C:\Users\4GAMERS\AppData\Local\Programs\MiKTeX\tex/generic/pgf/libraries/shapes\pgflibraryshapes.geometric.code.tex
File: pgflibraryshapes.geometric.code.tex 2025-08-29 v3.1.11a (3.1.11a)
)) (C:\Users\4GAMERS\AppData\Local\Programs\MiKTeX\tex/generic/pgf/frontendlayer/tikz/libraries\tikzlibrarycalc.code.tex
File: tikzlibrarycalc.code.tex 2025-08-29 v3.1.11a (3.1.11a)
) (C:\Users\4GAMERS\AppData\Local\Programs\MiKTeX\tex/latex/tcolorbox\tcolorbox.sty
Package: tcolorbox 2025/11/28 version 6.9.0 text color boxes
 (C:\Users\4GAMERS\AppData\Local\Programs\MiKTeX\tex/latex/tools\verbatim.sty
Package: verbatim 2024-01-22 v1.5x LaTeX2e package for verbatim enhancements
\every@verbatim=\toks50
\verbatim@line=\toks51
\verbatim@in@stream=\read4
) (C:\Users\4GAMERS\AppData\Local\Programs\MiKTeX\tex/latex/environ\environ.sty
Package: environ 2014/05/04 v0.3 A new way to define environments
 (C:\Users\4GAMERS\AppData\Local\Programs\MiKTeX\tex/latex/trimspaces\trimspaces.sty
Package: trimspaces 2009/09/17 v1.1 Trim spaces around a token list
))
\tcb@titlebox=\box83
\tcb@upperbox=\box84
\tcb@lowerbox=\box85
\tcb@phantombox=\box86
\c@tcbbreakpart=\count369
\c@tcblayer=\count370
\c@tcolorbox@number=\count371
\l__tcobox_tmpa_box=\box87
\l__tcobox_tmpa_dim=\dimen320
\tcb@temp=\box88
\tcb@temp=\box89
\tcb@temp=\box90
\tcb@temp=\box91
 (C:\Users\4GAMERS\AppData\Local\Programs\MiKTeX\tex/latex/tcolorbox\tcbraster.code.tex
Library (tcolorbox): 'tcbraster.code.tex' version '6.9.0'
\c@tcbrastercolumn=\count372
\c@tcbrasterrow=\count373
\c@tcbrasternum=\count374
\c@tcbraster=\count375
) (C:\Users\4GAMERS\AppData\Local\Programs\MiKTeX\tex/latex/tcolorbox\tcbskins.code.tex
Library (tcolorbox): 'tcbskins.code.tex' version '6.9.0'
(C:\Users\4GAMERS\AppData\Local\Programs\MiKTeX\tex/latex/tikzfill\tikzfill.image.sty
Package: tikzfill.image 2026/03/26 v1.1.0 Image filling library for TikZ
 (C:\Users\4GAMERS\AppData\Local\Programs\MiKTeX\tex/latex/tikzfill\tikzlibraryfill.image.code.tex
File: tikzlibraryfill.image.code.tex 2026/03/26 v1.1.0 Image filling library
\l__tikzfill_tmpa_dim=\dimen321
\l__tikzfill_tmpb_dim=\dimen322
\l__tikzfill_img_box=\box92
)) (C:\Users\4GAMERS\AppData\Local\Programs\MiKTeX\tex/latex/tcolorbox\tcbskinsjigsaw.code.tex
Library (tcolorbox): 'tcbskinsjigsaw.code.tex' version '6.9.0'
)) (C:\Users\4GAMERS\AppData\Local\Programs\MiKTeX\tex/latex/tcolorbox\tcbbreakable.code.tex
Library (tcolorbox): 'tcbbreakable.code.tex' version '6.9.0'
(C:\Users\4GAMERS\AppData\Local\Programs\MiKTeX\tex/latex/pdfcol\pdfcol.sty
Package: pdfcol 2022-09-21 v1.7 Handle new color stacks for pdfTeX (HO)
)
Package pdfcol Info: New color stack `tcb@breakable' = 1 on input line 23.
\tcb@testbox=\box93
\tcb@totalupperbox=\box94
\tcb@totallowerbox=\box95
) (C:\Users\4GAMERS\AppData\Local\Programs\MiKTeX\tex/latex/tcolorbox\tcbhooks.code.tex
Library (tcolorbox): 'tcbhooks.code.tex' version '6.9.0'
) (C:\Users\4GAMERS\AppData\Local\Programs\MiKTeX\tex/latex/tcolorbox\tcbtheorems.code.tex
Library (tcolorbox): 'tcbtheorems.code.tex' version '6.9.0'
) (C:\Users\4GAMERS\AppData\Local\Programs\MiKTeX\tex/latex/tcolorbox\tcbfitting.code.tex
Library (tcolorbox): 'tcbfitting.code.tex' version '6.9.0'
\tcbfitdim=\dimen323
\tcb@lowerfitdim=\dimen324
\tcb@upperfitdim=\dimen325
\tcb@cur@hbadness=\count376
) (C:\Users\4GAMERS\AppData\Local\Programs\MiKTeX\tex/latex/tcolorbox\tcblistingsutf8.code.tex
Library (tcolorbox): 'tcblistingsutf8.code.tex' version '6.9.0'
(C:\Users\4GAMERS\AppData\Local\Programs\MiKTeX\tex/latex/tcolorbox\tcblistings.code.tex
Library (tcolorbox): 'tcblistings.code.tex' version '6.9.0'
(C:\Users\4GAMERS\AppData\Local\Programs\MiKTeX\tex/latex/listings\listings.sty
\lst@mode=\count377
\lst@gtempboxa=\box96
\lst@token=\toks52
\lst@length=\count378
\lst@currlwidth=\dimen326
\lst@column=\count379
\lst@pos=\count380
\lst@lostspace=\dimen327
\lst@width=\dimen328
\lst@newlines=\count381
\lst@lineno=\count382
\lst@maxwidth=\dimen329
 (C:\Users\4GAMERS\AppData\Local\Programs\MiKTeX\tex/latex/listings\lstpatch.sty
File: lstpatch.sty 2025/11/14 1.11b (Carsten Heinz)
) (C:\Users\4GAMERS\AppData\Local\Programs\MiKTeX\tex/latex/listings\lstmisc.sty
File: lstmisc.sty 2025/11/14 1.11b (Carsten Heinz)
\c@lstnumber=\count383
\lst@skipnumbers=\count384
\lst@framebox=\box97
) (C:\Users\4GAMERS\AppData\Local\Programs\MiKTeX\tex/latex/listings\listings.cfg
File: listings.cfg 2025/11/14 1.11b listings configuration
))
Package: listings 2025/11/14 1.11b (Carsten Heinz)

==> First Aid for listings.sty no longer applied!
    Expected:
        2024/09/23 1.10c (Carsten Heinz)
    but found:
        2025/11/14 1.11b (Carsten Heinz)
    so I'm assuming it got fixed.
(C:\Users\4GAMERS\AppData\Local\Programs\MiKTeX\tex/latex/tcolorbox\tcblistingscore.code.tex
Library (tcolorbox): 'tcblistingscore.code.tex' version '6.9.0'
(C:\Users\4GAMERS\AppData\Local\Programs\MiKTeX\tex/latex/tcolorbox\tcbprocessing.code.tex
Library (tcolorbox): 'tcbprocessing.code.tex' version '6.9.0'
)
\c@tcblisting=\count385
)) (C:\Users\4GAMERS\AppData\Local\Programs\MiKTeX\tex/latex/listingsutf8\listingsutf8.sty
Package: listingsutf8 2019-12-10 v1.5 Allow UTF-8 in listings input (HO)
)) (C:\Users\4GAMERS\AppData\Local\Programs\MiKTeX\tex/latex/tcolorbox\tcbexternal.code.tex
Library (tcolorbox): 'tcbexternal.code.tex' version '6.9.0'
) (C:\Users\4GAMERS\AppData\Local\Programs\MiKTeX\tex/latex/tcolorbox\tcbmagazine.code.tex
Library (tcolorbox): 'tcbmagazine.code.tex' version '6.9.0'
) (C:\Users\4GAMERS\AppData\Local\Programs\MiKTeX\tex/latex/tcolorbox\tcbvignette.code.tex
Library (tcolorbox): 'tcbvignette.code.tex' version '6.9.0'
(C:\Users\4GAMERS\AppData\Local\Programs\MiKTeX\tex/generic/pgf/frontendlayer/tikz/libraries\tikzlibraryfadings.code.tex
File: tikzlibraryfadings.code.tex 2025-08-29 v3.1.11a (3.1.11a)
 (C:\Users\4GAMERS\AppData\Local\Programs\MiKTeX\tex/generic/pgf/libraries\pgflibraryfadings.code.tex
File: pgflibraryfadings.code.tex 2025-08-29 v3.1.11a (3.1.11a)
))) (C:\Users\4GAMERS\AppData\Local\Programs\MiKTeX\tex/latex/tcolorbox\tcbposter.code.tex
Library (tcolorbox): 'tcbposter.code.tex' version '6.9.0'
)) (C:\Users\4GAMERS\AppData\Local\Programs\MiKTeX\tex/latex/fontawesome5\fontawesome5.sty (C:\Users\4GAMERS\AppData\Local\Programs\MiKTeX\tex/latex/l3kernel\expl3.sty
Package: expl3 2026-01-19 L3 programming layer (loader) 
 (C:\Users\4GAMERS\AppData\Local\Programs\MiKTeX\tex/latex/l3backend\l3backend-pdftex.def
File: l3backend-pdftex.def 2025-10-09 L3 backend support: PDF output (pdfTeX)
\l__color_backend_stack_int=\count386
))
Package: fontawesome5 2022/05/02 v5.15.4 Font Awesome 5
 (C:\Users\4GAMERS\AppData\Local\Programs\MiKTeX\tex/latex/l3packages/l3keys2e\l3keys2e.sty
Package: l3keys2e 2025-10-09 LaTeX2e option processing using LaTeX3 keys
) (C:\Users\4GAMERS\AppData\Local\Programs\MiKTeX\tex/latex/l3packages/xparse\xparse.sty
Package: xparse 2025-10-09 L3 Experimental document command parser
) (C:\Users\4GAMERS\AppData\Local\Programs\MiKTeX\tex/latex/fontawesome5\fontawesome5-generic-helper.sty
Package: fontawesome5-generic-helper 2022/05/02 v5.15.4 non-uTeX helper for fontawesome5
 (C:\Users\4GAMERS\AppData\Local\Programs\MiKTeX\tex/latex/fontawesome5\fontawesome5-mapping.def))) (C:\Users\4GAMERS\AppData\Local\Programs\MiKTeX\tex/latex/booktabs\booktabs.sty
Package: booktabs 2020/01/12 v1.61803398 Publication quality tables
\heavyrulewidth=\dimen330
\lightrulewidth=\dimen331
\cmidrulewidth=\dimen332
\belowrulesep=\dimen333
\belowbottomsep=\dimen334
\aboverulesep=\dimen335
\abovetopsep=\dimen336
\cmidrulesep=\dimen337
\cmidrulekern=\dimen338
\defaultaddspace=\dimen339
\@cmidla=\count387
\@cmidlb=\count388
\@aboverulesep=\dimen340
\@belowrulesep=\dimen341
\@thisruleclass=\count389
\@lastruleclass=\count390
\@thisrulewidth=\dimen342
) (C:\Users\4GAMERS\AppData\Local\Programs\MiKTeX\tex/latex/beamer\beamerthemeMadrid.sty (C:\Users\4GAMERS\AppData\Local\Programs\MiKTeX\tex/latex/beamer\beamercolorthemewhale.sty) (C:\Users\4GAMERS\AppData\Local\Programs\MiKTeX\tex/latex/beamer\beamercolorthemeorchid.sty) (C:\Users\4GAMERS\AppData\Local\Programs\MiKTeX\tex/latex/beamer\beamerinnerthemerounded.sty) (C:\Users\4GAMERS\AppData\Local\Programs\MiKTeX\tex/latex/beamer\beamerouterthemeinfolines.sty))
LaTeX Font Info:    Trying to load font information for T1+lmss on input line 113.
 (C:\Users\4GAMERS\AppData\Local\Programs\MiKTeX\tex/latex/lm\t1lmss.fd
File: t1lmss.fd 2015/05/01 v1.6.1 Font defs for Latin Modern
) (presentation.aux
Package babel Info: 'brazilian' activates 'portuges' shorthands.
(babel)             Reported on input line 8.
)
\openout1 = `presentation.aux'.

LaTeX Font Info:    Checking defaults for OML/cmm/m/it on input line 113.
LaTeX Font Info:    ... okay on input line 113.
LaTeX Font Info:    Checking defaults for OMS/cmsy/m/n on input line 113.
LaTeX Font Info:    ... okay on input line 113.
LaTeX Font Info:    Checking defaults for OT1/cmr/m/n on input line 113.
LaTeX Font Info:    ... okay on input line 113.
LaTeX Font Info:    Checking defaults for T1/cmr/m/n on input line 113.
LaTeX Font Info:    ... okay on input line 113.
LaTeX Font Info:    Checking defaults for TS1/cmr/m/n on input line 113.
LaTeX Font Info:    ... okay on input line 113.
LaTeX Font Info:    Checking defaults for OMX/cmex/m/n on input line 113.
LaTeX Font Info:    ... okay on input line 113.
LaTeX Font Info:    Checking defaults for U/cmr/m/n on input line 113.
LaTeX Font Info:    ... okay on input line 113.
LaTeX Font Info:    Checking defaults for PD1/pdf/m/n on input line 113.
LaTeX Font Info:    ... okay on input line 113.
LaTeX Font Info:    Checking defaults for PU/pdf/m/n on input line 113.
LaTeX Font Info:    ... okay on input line 113.

*geometry* driver: auto-detecting
*geometry* detected driver: pdftex
*geometry* verbose mode - [ preamble ] result:
* driver: pdftex
* paper: custom
* layout: <same size as paper>
* layoutoffset:(h,v)=(0.0pt,0.0pt)
* modes: includehead includefoot 
* h-part:(L,W,R)=(10.88002pt, 433.48404pt, 10.88002pt)
* v-part:(T,H,B)=(0.0pt, 256.0748pt, 0.0pt)
* \paperwidth=455.24408pt
* \paperheight=256.0748pt
* \textwidth=433.48404pt
* \textheight=227.62207pt
* \oddsidemargin=-61.38997pt
* \evensidemargin=-61.38997pt
* \topmargin=-72.26999pt
* \headheight=14.22636pt
* \headsep=0.0pt
* \topskip=11.0pt
* \footskip=14.22636pt
* \marginparwidth=4.0pt
* \marginparsep=10.0pt
* \columnsep=10.0pt
* \skip\footins=10.0pt plus 4.0pt minus 2.0pt
* \hoffset=0.0pt
* \voffset=0.0pt
* \mag=1000
* \@twocolumnfalse
* \@twosidefalse
* \@mparswitchfalse
* \@reversemarginfalse
* (1in=72.27pt=25.4mm, 1cm=28.453pt)

(C:\Users\4GAMERS\AppData\Local\Programs\MiKTeX\tex/context/base/mkii\supp-pdf.mkii
[Loading MPS to PDF converter (version 2006.09.02).]
\scratchcounter=\count391
\scratchdimen=\dimen343
\scratchbox=\box98
\nofMPsegments=\count392
\nofMParguments=\count393
\everyMPshowfont=\toks53
\MPscratchCnt=\count394
\MPscratchDim=\dimen344
\MPnumerator=\count395
\makeMPintoPDFobject=\count396
\everyMPtoPDFconversion=\toks54
) (C:\Users\4GAMERS\AppData\Local\Programs\MiKTeX\tex/latex/epstopdf-pkg\epstopdf-base.sty
Package: epstopdf-base 2020-01-24 v2.11 Base part for package epstopdf
Package epstopdf-base Info: Redefining graphics rule for `.eps' on input line 485.
 (C:\Users\4GAMERS\AppData\Local\Programs\MiKTeX\tex/latex/00miktex\epstopdf-sys.cfg
File: epstopdf-sys.cfg 2021/03/18 v2.0 Configuration of epstopdf for MiKTeX
))
Package hyperref Info: Link coloring OFF on input line 113.
 (presentation.out) (presentation.out)
\@outlinefile=\write5
\openout5 = `presentation.out'.

LaTeX Font Info:    Overwriting symbol font `operators' in version `normal'
(Font)                  OT1/lmr/m/n --> OT1/cmss/m/n on input line 113.
LaTeX Font Info:    Overwriting symbol font `operators' in version `bold'
(Font)                  OT1/lmr/bx/n --> OT1/cmss/b/n on input line 113.
LaTeX Font Info:    Overwriting symbol font `operators' in version `normal'
(Font)                  OT1/cmss/m/n --> OT1/lmss/m/n on input line 113.
LaTeX Font Info:    Overwriting symbol font `operators' in version `bold'
(Font)                  OT1/cmss/b/n --> OT1/lmss/b/n on input line 113.
\symnumbers=\mathgroup6
\sympureletters=\mathgroup7
LaTeX Font Info:    Overwriting math alphabet `\mathrm' in version `normal'
(Font)                  OT1/lmss/m/n --> T1/lmr/m/n on input line 113.
LaTeX Font Info:    Redeclaring math alphabet \mathbf on input line 113.
LaTeX Font Info:    Overwriting math alphabet `\mathbf' in version `normal'
(Font)                  OT1/lmr/bx/n --> T1/lmss/b/n on input line 113.
LaTeX Font Info:    Overwriting math alphabet `\mathbf' in version `bold'
(Font)                  OT1/lmr/bx/n --> T1/lmss/b/n on input line 113.
LaTeX Font Info:    Redeclaring math alphabet \mathsf on input line 113.
LaTeX Font Info:    Overwriting math alphabet `\mathsf' in version `normal'
(Font)                  OT1/lmss/m/n --> T1/lmss/m/n on input line 113.
LaTeX Font Info:    Overwriting math alphabet `\mathsf' in version `bold'
(Font)                  OT1/lmss/bx/n --> T1/lmss/m/n on input line 113.
LaTeX Font Info:    Redeclaring math alphabet \mathit on input line 113.
LaTeX Font Info:    Overwriting math alphabet `\mathit' in version `normal'
(Font)                  OT1/lmr/m/it --> T1/lmss/m/it on input line 113.
LaTeX Font Info:    Overwriting math alphabet `\mathit' in version `bold'
(Font)                  OT1/lmr/bx/it --> T1/lmss/m/it on input line 113.
LaTeX Font Info:    Redeclaring math alphabet \mathtt on input line 113.
LaTeX Font Info:    Overwriting math alphabet `\mathtt' in version `normal'
(Font)                  OT1/lmtt/m/n --> T1/lmtt/m/n on input line 113.
LaTeX Font Info:    Overwriting math alphabet `\mathtt' in version `bold'
(Font)                  OT1/lmtt/m/n --> T1/lmtt/m/n on input line 113.
LaTeX Font Info:    Overwriting symbol font `numbers' in version `bold'
(Font)                  T1/lmss/m/n --> T1/lmss/b/n on input line 113.
LaTeX Font Info:    Overwriting symbol font `pureletters' in version `bold'
(Font)                  T1/lmss/m/it --> T1/lmss/b/it on input line 113.
LaTeX Font Info:    Overwriting math alphabet `\mathrm' in version `bold'
(Font)                  OT1/lmss/b/n --> T1/lmr/b/n on input line 113.
LaTeX Font Info:    Overwriting math alphabet `\mathbf' in version `bold'
(Font)                  T1/lmss/b/n --> T1/lmss/b/n on input line 113.
LaTeX Font Info:    Overwriting math alphabet `\mathsf' in version `bold'
(Font)                  T1/lmss/m/n --> T1/lmss/b/n on input line 113.
LaTeX Font Info:    Overwriting math alphabet `\mathit' in version `bold'
(Font)                  T1/lmss/m/it --> T1/lmss/b/it on input line 113.
LaTeX Font Info:    Overwriting math alphabet `\mathtt' in version `bold'
(Font)                  T1/lmtt/m/n --> T1/lmtt/b/n on input line 113.
 (C:\Users\4GAMERS\AppData\Local\Programs\MiKTeX\tex/latex/translator\translator-basic-dictionary-English.dict
Dictionary: translator-basic-dictionary, Language: English 
) (C:\Users\4GAMERS\AppData\Local\Programs\MiKTeX\tex/latex/translator\translator-bibliography-dictionary-English.dict
Dictionary: translator-bibliography-dictionary, Language: English 
) (C:\Users\4GAMERS\AppData\Local\Programs\MiKTeX\tex/latex/translator\translator-environment-dictionary-English.dict
Dictionary: translator-environment-dictionary, Language: English 
) (C:\Users\4GAMERS\AppData\Local\Programs\MiKTeX\tex/latex/translator\translator-months-dictionary-English.dict
Dictionary: translator-months-dictionary, Language: English 
) (C:\Users\4GAMERS\AppData\Local\Programs\MiKTeX\tex/latex/translator\translator-numbers-dictionary-English.dict
Dictionary: translator-numbers-dictionary, Language: English 
) (C:\Users\4GAMERS\AppData\Local\Programs\MiKTeX\tex/latex/translator\translator-theorem-dictionary-English.dict
Dictionary: translator-theorem-dictionary, Language: English 
)
\c@lstlisting=\count397
 (presentation.nav)
<logo_ufabc.png, id=73, 1583.9175pt x 1029.8475pt>
File: logo_ufabc.png Graphic file (type png)
<use logo_ufabc.png>
Package pdftex.def Info: logo_ufabc.png  used on input line 113.
(pdftex.def)             Requested size: 37.19548pt x 24.18501pt.

Overfull \vbox (5.51874pt too high) detected at line 113
 []

File: logo_ufabc.png Graphic file (type png)
<use logo_ufabc.png>
Package pdftex.def Info: logo_ufabc.png  used on input line 129.
(pdftex.def)             Requested size: 37.19548pt x 24.18501pt.

Overfull \vbox (5.51874pt too high) detected at line 129
 []

File: logo_ufabc.png Graphic file (type png)
<use logo_ufabc.png>
Package pdftex.def Info: logo_ufabc.png  used on input line 129.
(pdftex.def)             Requested size: 130.04652pt x 84.54233pt.

Overfull \vbox (31.52148pt too high) detected at line 129
 []

File: logo_ufabc.png Graphic file (type png)
<use logo_ufabc.png>
Package pdftex.def Info: logo_ufabc.png  used on input line 129.
(pdftex.def)             Requested size: 37.19548pt x 24.18501pt.

Overfull \vbox (5.51874pt too high) has occurred while \output is active []

 [1

{C:/Users/4GAMERS/AppData/Local/MiKTeX/fonts/map/pdftex/pdftex.map}{C:/Users/4GAMERS/AppData/Local/Programs/MiKTeX/fonts/enc/dvips/lm/lm-ec.enc} <./logo_ufabc.png>]
File: logo_ufabc.png Graphic file (type png)
<use logo_ufabc.png>
Package pdftex.def Info: logo_ufabc.png  used on input line 141.
(pdftex.def)             Requested size: 37.19548pt x 24.18501pt.

Overfull \vbox (5.51874pt too high) detected at line 141
 []

File: logo_ufabc.png Graphic file (type png)
<use logo_ufabc.png>
Package pdftex.def Info: logo_ufabc.png  used on input line 141.
(pdftex.def)             Requested size: 37.19548pt x 24.18501pt.

Overfull \vbox (5.51874pt too high) has occurred while \output is active []

 [2

]
File: logo_ufabc.png Graphic file (type png)
<use logo_ufabc.png>
Package pdftex.def Info: logo_ufabc.png  used on input line 154.
(pdftex.def)             Requested size: 37.19548pt x 24.18501pt.

Overfull \vbox (5.51874pt too high) detected at line 154
 []

LaTeX Font Info:    Trying to load font information for T1+lmtt on input line 154.
(C:\Users\4GAMERS\AppData\Local\Programs\MiKTeX\tex/latex/lm\t1lmtt.fd
File: t1lmtt.fd 2015/05/01 v1.6.1 Font defs for Latin Modern
)
File: logo_ufabc.png Graphic file (type png)
<use logo_ufabc.png>
Package pdftex.def Info: logo_ufabc.png  used on input line 154.
(pdftex.def)             Requested size: 37.19548pt x 24.18501pt.

Overfull \vbox (5.51874pt too high) has occurred while \output is active []

 [3

]
File: logo_ufabc.png Graphic file (type png)
<use logo_ufabc.png>
Package pdftex.def Info: logo_ufabc.png  used on input line 169.
(pdftex.def)             Requested size: 37.19548pt x 24.18501pt.

Overfull \vbox (5.51874pt too high) detected at line 169
 []


Overfull \vbox (6.12459pt too high) detected at line 169
 []

File: logo_ufabc.png Graphic file (type png)
<use logo_ufabc.png>
Package pdftex.def Info: logo_ufabc.png  used on input line 169.
(pdftex.def)             Requested size: 37.19548pt x 24.18501pt.

Overfull \vbox (5.51874pt too high) has occurred while \output is active []

 [4

]
File: logo_ufabc.png Graphic file (type png)
<use logo_ufabc.png>
Package pdftex.def Info: logo_ufabc.png  used on input line 189.
(pdftex.def)             Requested size: 37.19548pt x 24.18501pt.

Overfull \vbox (5.51874pt too high) detected at line 189
 []

LaTeX Font Info:    Trying to load font information for OT1+lmss on input line 189.
(C:\Users\4GAMERS\AppData\Local\Programs\MiKTeX\tex/latex/lm\ot1lmss.fd
File: ot1lmss.fd 2015/05/01 v1.6.1 Font defs for Latin Modern
)
LaTeX Font Info:    Trying to load font information for OML+lmm on input line 189.
 (C:\Users\4GAMERS\AppData\Local\Programs\MiKTeX\tex/latex/lm\omllmm.fd
File: omllmm.fd 2015/05/01 v1.6.1 Font defs for Latin Modern
)
LaTeX Font Info:    Trying to load font information for OMS+lmsy on input line 189.
 (C:\Users\4GAMERS\AppData\Local\Programs\MiKTeX\tex/latex/lm\omslmsy.fd
File: omslmsy.fd 2015/05/01 v1.6.1 Font defs for Latin Modern
)
LaTeX Font Info:    Trying to load font information for OMX+lmex on input line 189.
 (C:\Users\4GAMERS\AppData\Local\Programs\MiKTeX\tex/latex/lm\omxlmex.fd
File: omxlmex.fd 2015/05/01 v1.6.1 Font defs for Latin Modern
)
LaTeX Font Info:    External font `lmex10' loaded for size
(Font)              <9> on input line 189.
LaTeX Font Info:    External font `lmex10' loaded for size
(Font)              <6> on input line 189.
LaTeX Font Info:    External font `lmex10' loaded for size
(Font)              <5> on input line 189.
LaTeX Font Info:    Trying to load font information for U+msa on input line 189.
 (C:\Users\4GAMERS\AppData\Local\Programs\MiKTeX\tex/latex/amsfonts\umsa.fd
File: umsa.fd 2013/01/14 v3.01 AMS symbols A
)
LaTeX Font Info:    Trying to load font information for U+msb on input line 189.
 (C:\Users\4GAMERS\AppData\Local\Programs\MiKTeX\tex/latex/amsfonts\umsb.fd
File: umsb.fd 2013/01/14 v3.01 AMS symbols B
)
LaTeX Font Info:    Font shape `T1/lmss/m/it' in size <9> not available
(Font)              Font shape `T1/lmss/m/sl' tried instead on input line 189.
LaTeX Font Info:    Font shape `T1/lmss/m/it' in size <6> not available
(Font)              Font shape `T1/lmss/m/sl' tried instead on input line 189.
LaTeX Font Info:    Font shape `T1/lmss/m/it' in size <5> not available
(Font)              Font shape `T1/lmss/m/sl' tried instead on input line 189.
File: logo_ufabc.png Graphic file (type png)
<use logo_ufabc.png>
Package pdftex.def Info: logo_ufabc.png  used on input line 189.
(pdftex.def)             Requested size: 37.19548pt x 24.18501pt.

Overfull \vbox (5.51874pt too high) has occurred while \output is active []

 [5

{C:/Users/4GAMERS/AppData/Local/Programs/MiKTeX/fonts/enc/dvips/lm/lm-mathit.enc}{C:/Users/4GAMERS/AppData/Local/Programs/MiKTeX/fonts/enc/dvips/lm/lm-rm.enc}{C:/Users/4GAMERS/AppData/Local/Programs/MiKTeX/fonts/enc/dvips/lm/lm-mathsy.enc}]
File: logo_ufabc.png Graphic file (type png)
<use logo_ufabc.png>
Package pdftex.def Info: logo_ufabc.png  used on input line 203.
(pdftex.def)             Requested size: 37.19548pt x 24.18501pt.

Overfull \vbox (5.51874pt too high) detected at line 203
 []

LaTeX Font Info:    External font `lmex10' loaded for size
(Font)              <10.95> on input line 203.
LaTeX Font Info:    External font `lmex10' loaded for size
(Font)              <8> on input line 203.
LaTeX Font Info:    Font shape `T1/lmss/m/it' in size <10.95> not available
(Font)              Font shape `T1/lmss/m/sl' tried instead on input line 203.
LaTeX Font Info:    Font shape `T1/lmss/m/it' in size <8> not available
(Font)              Font shape `T1/lmss/m/sl' tried instead on input line 203.
File: logo_ufabc.png Graphic file (type png)
<use logo_ufabc.png>
Package pdftex.def Info: logo_ufabc.png  used on input line 203.
(pdftex.def)             Requested size: 37.19548pt x 24.18501pt.

Overfull \vbox (5.51874pt too high) has occurred while \output is active []

 [6

]
File: logo_ufabc.png Graphic file (type png)
<use logo_ufabc.png>
Package pdftex.def Info: logo_ufabc.png  used on input line 223.
(pdftex.def)             Requested size: 37.19548pt x 24.18501pt.

Overfull \vbox (5.51874pt too high) detected at line 223
 []

File: logo_ufabc.png Graphic file (type png)
<use logo_ufabc.png>
Package pdftex.def Info: logo_ufabc.png  used on input line 223.
(pdftex.def)             Requested size: 37.19548pt x 24.18501pt.

Overfull \vbox (5.51874pt too high) has occurred while \output is active []

 [7

]
File: logo_ufabc.png Graphic file (type png)
<use logo_ufabc.png>
Package pdftex.def Info: logo_ufabc.png  used on input line 238.
(pdftex.def)             Requested size: 37.19548pt x 24.18501pt.

Overfull \vbox (5.51874pt too high) detected at line 238
 []

File: logo_ufabc.png Graphic file (type png)
<use logo_ufabc.png>
Package pdftex.def Info: logo_ufabc.png  used on input line 238.
(pdftex.def)             Requested size: 37.19548pt x 24.18501pt.

Overfull \vbox (5.51874pt too high) has occurred while \output is active []

 [8

]
File: logo_ufabc.png Graphic file (type png)
<use logo_ufabc.png>
Package pdftex.def Info: logo_ufabc.png  used on input line 250.
(pdftex.def)             Requested size: 37.19548pt x 24.18501pt.

Overfull \vbox (5.51874pt too high) detected at line 250
 []

File: logo_ufabc.png Graphic file (type png)
<use logo_ufabc.png>
Package pdftex.def Info: logo_ufabc.png  used on input line 250.
(pdftex.def)             Requested size: 37.19548pt x 24.18501pt.

Overfull \vbox (5.51874pt too high) has occurred while \output is active []

 [9

]
File: logo_ufabc.png Graphic file (type png)
<use logo_ufabc.png>
Package pdftex.def Info: logo_ufabc.png  used on input line 262.
(pdftex.def)             Requested size: 37.19548pt x 24.18501pt.

Overfull \vbox (5.51874pt too high) detected at line 262
 []

File: logo_ufabc.png Graphic file (type png)
<use logo_ufabc.png>
Package pdftex.def Info: logo_ufabc.png  used on input line 262.
(pdftex.def)             Requested size: 37.19548pt x 24.18501pt.

Overfull \vbox (5.51874pt too high) has occurred while \output is active []

 [10

]
File: logo_ufabc.png Graphic file (type png)
<use logo_ufabc.png>
Package pdftex.def Info: logo_ufabc.png  used on input line 308.
(pdftex.def)             Requested size: 37.19548pt x 24.18501pt.

Overfull \vbox (5.51874pt too high) detected at line 308
 []


Underfull \hbox (badness 1286) in paragraph at lines 308--308
[]\T1/lmss/bx/n/10.95 Esquema do ar-ranjo ex-pe-ri-
 []

File: logo_ufabc.png Graphic file (type png)
<use logo_ufabc.png>
Package pdftex.def Info: logo_ufabc.png  used on input line 308.
(pdftex.def)             Requested size: 37.19548pt x 24.18501pt.

Overfull \vbox (5.51874pt too high) has occurred while \output is active []

 [11

]
File: logo_ufabc.png Graphic file (type png)
<use logo_ufabc.png>
Package pdftex.def Info: logo_ufabc.png  used on input line 349.
(pdftex.def)             Requested size: 37.19548pt x 24.18501pt.

Overfull \vbox (5.51874pt too high) detected at line 349
 []

LaTeX Font Info:    Font shape `T1/lmss/m/it' in size <10> not available
(Font)              Font shape `T1/lmss/m/sl' tried instead on input line 349.
File: logo_ufabc.png Graphic file (type png)
<use logo_ufabc.png>
Package pdftex.def Info: logo_ufabc.png  used on input line 349.
(pdftex.def)             Requested size: 37.19548pt x 24.18501pt.

Overfull \vbox (5.51874pt too high) has occurred while \output is active []

 [12

]
File: logo_ufabc.png Graphic file (type png)
<use logo_ufabc.png>
Package pdftex.def Info: logo_ufabc.png  used on input line 399.
(pdftex.def)             Requested size: 37.19548pt x 24.18501pt.

Overfull \vbox (5.51874pt too high) detected at line 399
 []

File: logo_ufabc.png Graphic file (type png)
<use logo_ufabc.png>
Package pdftex.def Info: logo_ufabc.png  used on input line 399.
(pdftex.def)             Requested size: 37.19548pt x 24.18501pt.

Overfull \vbox (5.51874pt too high) has occurred while \output is active []

 [13

]
File: logo_ufabc.png Graphic file (type png)
<use logo_ufabc.png>
Package pdftex.def Info: logo_ufabc.png  used on input line 417.
(pdftex.def)             Requested size: 37.19548pt x 24.18501pt.

Overfull \vbox (5.51874pt too high) detected at line 417
 []

<pictures/JAC_Interface_Frame43.png, id=192, 1444.64719pt x 776.14969pt>
File: pictures/JAC_Interface_Frame43.png Graphic file (type png)
<use pictures/JAC_Interface_Frame43.png>
Package pdftex.def Info: pictures/JAC_Interface_Frame43.png  used on input line 417.
(pdftex.def)             Requested size: 407.47604pt x 218.91925pt.

Overfull \vbox (153.81563pt too high) detected at line 417
 []

File: logo_ufabc.png Graphic file (type png)
<use logo_ufabc.png>
Package pdftex.def Info: logo_ufabc.png  used on input line 417.
(pdftex.def)             Requested size: 37.19548pt x 24.18501pt.

Overfull \vbox (5.51874pt too high) has occurred while \output is active []

 [14

 <./pictures/JAC_Interface_Frame43.png>]
File: logo_ufabc.png Graphic file (type png)
<use logo_ufabc.png>
Package pdftex.def Info: logo_ufabc.png  used on input line 444.
(pdftex.def)             Requested size: 37.19548pt x 24.18501pt.

Overfull \vbox (5.51874pt too high) detected at line 444
 []

<pictures/BP_Interface_Frame43.png, id=201, 1444.64719pt x 775.39688pt>
File: pictures/BP_Interface_Frame43.png Graphic file (type png)
<use pictures/BP_Interface_Frame43.png>
Package pdftex.def Info: pictures/BP_Interface_Frame43.png  used on input line 444.
(pdftex.def)             Requested size: 138.71806pt x 74.44435pt.
File: pictures/JAC_Interface_Frame43.png Graphic file (type png)
<use pictures/JAC_Interface_Frame43.png>
Package pdftex.def Info: pictures/JAC_Interface_Frame43.png  used on input line 444.
(pdftex.def)             Requested size: 138.71806pt x 74.51662pt.
<pictures/GREIT_Interface_Frame43.png, id=202, 1444.64719pt x 775.39688pt>
File: pictures/GREIT_Interface_Frame43.png Graphic file (type png)
<use pictures/GREIT_Interface_Frame43.png>
Package pdftex.def Info: pictures/GREIT_Interface_Frame43.png  used on input line 444.
(pdftex.def)             Requested size: 138.71806pt x 74.44435pt.
File: logo_ufabc.png Graphic file (type png)
<use logo_ufabc.png>
Package pdftex.def Info: logo_ufabc.png  used on input line 444.
(pdftex.def)             Requested size: 37.19548pt x 24.18501pt.

Overfull \vbox (5.51874pt too high) has occurred while \output is active []

 [15

 <./pictures/BP_Interface_Frame43.png> <./pictures/GREIT_Interface_Frame43.png>]
File: logo_ufabc.png Graphic file (type png)
<use logo_ufabc.png>
Package pdftex.def Info: logo_ufabc.png  used on input line 464.
(pdftex.def)             Requested size: 37.19548pt x 24.18501pt.

Overfull \vbox (5.51874pt too high) detected at line 464
 []

<pictures/JAC_Interface_Frame44_H0_05.png, id=212, 1444.64719pt x 773.89125pt>
File: pictures/JAC_Interface_Frame44_H0_05.png Graphic file (type png)
<use pictures/JAC_Interface_Frame44_H0_05.png>
Package pdftex.def Info: pictures/JAC_Interface_Frame44_H0_05.png  used on input line 464.
(pdftex.def)             Requested size: 208.07048pt x 111.4615pt.
<pictures/JAC_Interface_Frame44_H0_2.png, id=213, 1444.64719pt x 776.9025pt>
File: pictures/JAC_Interface_Frame44_H0_2.png Graphic file (type png)
<use pictures/JAC_Interface_Frame44_H0_2.png>
Package pdftex.def Info: pictures/JAC_Interface_Frame44_H0_2.png  used on input line 464.
(pdftex.def)             Requested size: 208.07048pt x 111.8952pt.
LaTeX Font Info:    Font shape `T1/lmtt/bx/n' in size <10.95> not available
(Font)              Font shape `T1/lmtt/b/n' tried instead on input line 464.
File: logo_ufabc.png Graphic file (type png)
<use logo_ufabc.png>
Package pdftex.def Info: logo_ufabc.png  used on input line 464.
(pdftex.def)             Requested size: 37.19548pt x 24.18501pt.

Overfull \vbox (5.51874pt too high) has occurred while \output is active []

 [16

 <./pictures/JAC_Interface_Frame44_H0_05.png> <./pictures/JAC_Interface_Frame44_H0_2.png>]
File: logo_ufabc.png Graphic file (type png)
<use logo_ufabc.png>
Package pdftex.def Info: logo_ufabc.png  used on input line 483.
(pdftex.def)             Requested size: 37.19548pt x 24.18501pt.

Overfull \vbox (5.51874pt too high) detected at line 483
 []

<pictures/BP_Interface_Frame43_alpha0_1.png, id=224, 1444.64719pt x 774.64406pt>
File: pictures/BP_Interface_Frame43_alpha0_1.png Graphic file (type png)
<use pictures/BP_Interface_Frame43_alpha0_1.png>
Package pdftex.def Info: pictures/BP_Interface_Frame43_alpha0_1.png  used on input line 483.
(pdftex.def)             Requested size: 208.07048pt x 111.56993pt.
<pictures/BP_Interface_Frame43_alpha0_9.png, id=225, 1444.64719pt x 775.39688pt>
File: pictures/BP_Interface_Frame43_alpha0_9.png Graphic file (type png)
<use pictures/BP_Interface_Frame43_alpha0_9.png>
Package pdftex.def Info: pictures/BP_Interface_Frame43_alpha0_9.png  used on input line 483.
(pdftex.def)             Requested size: 208.07048pt x 111.67836pt.
File: logo_ufabc.png Graphic file (type png)
<use logo_ufabc.png>
Package pdftex.def Info: logo_ufabc.png  used on input line 483.
(pdftex.def)             Requested size: 37.19548pt x 24.18501pt.

Overfull \vbox (5.51874pt too high) has occurred while \output is active []

 [17

 <./pictures/BP_Interface_Frame43_alpha0_1.png> <./pictures/BP_Interface_Frame43_alpha0_9.png>]
File: logo_ufabc.png Graphic file (type png)
<use logo_ufabc.png>
Package pdftex.def Info: logo_ufabc.png  used on input line 510.
(pdftex.def)             Requested size: 37.19548pt x 24.18501pt.

Overfull \vbox (5.51874pt too high) detected at line 510
 []

<pictures/JAC_pyQT_Reg0_0001.png, id=235, 1444.64719pt x 775.39688pt>
File: pictures/JAC_pyQT_Reg0_0001.png Graphic file (type png)
<use pictures/JAC_pyQT_Reg0_0001.png>
Package pdftex.def Info: pictures/JAC_pyQT_Reg0_0001.png  used on input line 510.
(pdftex.def)             Requested size: 138.71806pt x 74.44435pt.

Underfull \hbox (badness 1960) in paragraph at lines 510--510
[]\T1/lmss/m/n/10.95 Maior sen-si-bi-li-dade; ima-
 []

<pictures/JAC_pyQT_Reg0_01.png, id=236, 1444.64719pt x 775.39688pt>
File: pictures/JAC_pyQT_Reg0_01.png Graphic file (type png)
<use pictures/JAC_pyQT_Reg0_01.png>
Package pdftex.def Info: pictures/JAC_pyQT_Reg0_01.png  used on input line 510.
(pdftex.def)             Requested size: 138.71806pt x 74.44435pt.

Underfull \hbox (badness 10000) in paragraph at lines 510--510
[]\T1/lmss/m/n/10.95 Compromisso in-ter-me-di-á-
 []

<pictures/JAC_pyQT_Reg1.png, id=237, 1444.64719pt x 774.64406pt>
File: pictures/JAC_pyQT_Reg1.png Graphic file (type png)
<use pictures/JAC_pyQT_Reg1.png>
Package pdftex.def Info: pictures/JAC_pyQT_Reg1.png  used on input line 510.
(pdftex.def)             Requested size: 138.71806pt x 74.37207pt.

Underfull \hbox (badness 1881) in paragraph at lines 510--510
[]\T1/lmss/m/n/10.95 Super-suavizaçăo e perda
 []

File: logo_ufabc.png Graphic file (type png)
<use logo_ufabc.png>
Package pdftex.def Info: logo_ufabc.png  used on input line 510.
(pdftex.def)             Requested size: 37.19548pt x 24.18501pt.

Overfull \vbox (5.51874pt too high) has occurred while \output is active []

 [18

 <./pictures/JAC_pyQT_Reg0_0001.png> <./pictures/JAC_pyQT_Reg0_01.png> <./pictures/JAC_pyQT_Reg1.png>]
File: logo_ufabc.png Graphic file (type png)
<use logo_ufabc.png>
Package pdftex.def Info: logo_ufabc.png  used on input line 522.
(pdftex.def)             Requested size: 37.19548pt x 24.18501pt.

Overfull \vbox (5.51874pt too high) detected at line 522
 []

<pictures/BP_PyQtGraph_SolverTab.png, id=248, 1443.89438pt x 775.39688pt>
File: pictures/BP_PyQtGraph_SolverTab.png Graphic file (type png)
<use pictures/BP_PyQtGraph_SolverTab.png>
Package pdftex.def Info: pictures/BP_PyQtGraph_SolverTab.png  used on input line 522.
(pdftex.def)             Requested size: 355.46008pt x 190.87901pt.

Overfull \vbox (73.9975pt too high) detected at line 522
 []

File: logo_ufabc.png Graphic file (type png)
<use logo_ufabc.png>
Package pdftex.def Info: logo_ufabc.png  used on input line 522.
(pdftex.def)             Requested size: 37.19548pt x 24.18501pt.

Overfull \vbox (5.51874pt too high) has occurred while \output is active []

 [19

 <./pictures/BP_PyQtGraph_SolverTab.png>]
File: logo_ufabc.png Graphic file (type png)
<use logo_ufabc.png>
Package pdftex.def Info: logo_ufabc.png  used on input line 545.
(pdftex.def)             Requested size: 37.19548pt x 24.18501pt.

Overfull \vbox (5.51874pt too high) detected at line 545
 []

File: logo_ufabc.png Graphic file (type png)
<use logo_ufabc.png>
Package pdftex.def Info: logo_ufabc.png  used on input line 545.
(pdftex.def)             Requested size: 37.19548pt x 24.18501pt.

Overfull \vbox (5.51874pt too high) has occurred while \output is active []

 [20

]
File: logo_ufabc.png Graphic file (type png)
<use logo_ufabc.png>
Package pdftex.def Info: logo_ufabc.png  used on input line 578.
(pdftex.def)             Requested size: 37.19548pt x 24.18501pt.

Overfull \vbox (5.51874pt too high) detected at line 578
 []

File: logo_ufabc.png Graphic file (type png)
<use logo_ufabc.png>
Package pdftex.def Info: logo_ufabc.png  used on input line 578.
(pdftex.def)             Requested size: 37.19548pt x 24.18501pt.

Overfull \vbox (5.51874pt too high) has occurred while \output is active []

 [21

]
File: logo_ufabc.png Graphic file (type png)
<use logo_ufabc.png>
Package pdftex.def Info: logo_ufabc.png  used on input line 590.
(pdftex.def)             Requested size: 37.19548pt x 24.18501pt.

Overfull \vbox (5.51874pt too high) detected at line 590
 []

File: logo_ufabc.png Graphic file (type png)
<use logo_ufabc.png>
Package pdftex.def Info: logo_ufabc.png  used on input line 590.
(pdftex.def)             Requested size: 37.19548pt x 24.18501pt.

Overfull \vbox (5.51874pt too high) has occurred while \output is active []

 [22

]
File: logo_ufabc.png Graphic file (type png)
<use logo_ufabc.png>
Package pdftex.def Info: logo_ufabc.png  used on input line 600.
(pdftex.def)             Requested size: 37.19548pt x 24.18501pt.

Overfull \vbox (5.51874pt too high) detected at line 600
 []

File: logo_ufabc.png Graphic file (type png)
<use logo_ufabc.png>
Package pdftex.def Info: logo_ufabc.png  used on input line 600.
(pdftex.def)             Requested size: 86.69548pt x 56.36679pt.
File: logo_ufabc.png Graphic file (type png)
<use logo_ufabc.png>
Package pdftex.def Info: logo_ufabc.png  used on input line 600.
(pdftex.def)             Requested size: 37.19548pt x 24.18501pt.

Overfull \vbox (5.51874pt too high) has occurred while \output is active []

 [23

]
File: logo_ufabc.png Graphic file (type png)
<use logo_ufabc.png>
Package pdftex.def Info: logo_ufabc.png  used on input line 617.
(pdftex.def)             Requested size: 37.19548pt x 24.18501pt.

Overfull \vbox (5.51874pt too high) detected at line 617
 []

File: logo_ufabc.png Graphic file (type png)
<use logo_ufabc.png>
Package pdftex.def Info: logo_ufabc.png  used on input line 617.
(pdftex.def)             Requested size: 37.19548pt x 24.18501pt.

Overfull \vbox (5.51874pt too high) has occurred while \output is active []

 [24

]
File: logo_ufabc.png Graphic file (type png)
<use logo_ufabc.png>
Package pdftex.def Info: logo_ufabc.png  used on input line 619.
(pdftex.def)             Requested size: 37.19548pt x 24.18501pt.

Overfull \vbox (5.51874pt too high) detected at line 619
 []

\openout4 = `presentation.vrb'.

File: logo_ufabc.png Graphic file (type png)
<use logo_ufabc.png>
Package pdftex.def Info: logo_ufabc.png  used on input line 627.
(pdftex.def)             Requested size: 37.19548pt x 24.18501pt.

Overfull \vbox (5.51874pt too high) detected at line 627
 []

(presentation.vrb (C:\Users\4GAMERS\AppData\Local\Programs\MiKTeX\tex/latex/listings\lstlang1.sty
File: lstlang1.sty 2025/11/14 1.11b listings language file
))
File: logo_ufabc.png Graphic file (type png)
<use logo_ufabc.png>
Package pdftex.def Info: logo_ufabc.png  used on input line 627.
(pdftex.def)             Requested size: 37.19548pt x 24.18501pt.

Overfull \vbox (5.51874pt too high) has occurred while \output is active []

 [25

]
File: logo_ufabc.png Graphic file (type png)
<use logo_ufabc.png>
Package pdftex.def Info: logo_ufabc.png  used on input line 629.
(pdftex.def)             Requested size: 37.19548pt x 24.18501pt.

Overfull \vbox (5.51874pt too high) detected at line 629
 []

\openout4 = `presentation.vrb'.

File: logo_ufabc.png Graphic file (type png)
<use logo_ufabc.png>
Package pdftex.def Info: logo_ufabc.png  used on input line 636.
(pdftex.def)             Requested size: 37.19548pt x 24.18501pt.

Overfull \vbox (5.51874pt too high) detected at line 636
 []

(presentation.vrb)
LaTeX Font Info:    Font shape `T1/lmss/bx/it' in size <10.95> not available
(Font)              Font shape `T1/lmss/bx/sl' tried instead on input line 636.
File: logo_ufabc.png Graphic file (type png)
<use logo_ufabc.png>
Package pdftex.def Info: logo_ufabc.png  used on input line 636.
(pdftex.def)             Requested size: 37.19548pt x 24.18501pt.

Overfull \vbox (5.51874pt too high) has occurred while \output is active []

 [26

]
File: logo_ufabc.png Graphic file (type png)
<use logo_ufabc.png>
Package pdftex.def Info: logo_ufabc.png  used on input line 656.
(pdftex.def)             Requested size: 37.19548pt x 24.18501pt.

Overfull \vbox (5.51874pt too high) detected at line 656
 []


Underfull \hbox (badness 10000) in paragraph at lines 656--656
[]\T1/lmss/m/n/10.95 amp;amp; \T1/lmss/bx/n/10.95 EI-
 []


Underfull \hbox (badness 10000) in paragraph at lines 656--656
[]\T1/lmss/m/n/10.95 amp;amp;
 []


Underfull \hbox (badness 5105) in paragraph at lines 656--656
[]\T1/lmss/m/n/10.95 amp;amp; MA-
 []


Underfull \hbox (badness 4048) in paragraph at lines 656--656
[]\T1/lmss/m/n/10.95 amp;amp; BSD
 []


Underfull \hbox (badness 5578) in paragraph at lines 656--656
[]\T1/lmss/m/n/10.95 amp;amp; GPL
 []


Underfull \hbox (badness 10000) in paragraph at lines 656--656
[]\T1/lmss/m/n/10.95 Integraçăo com
 []


Underfull \hbox (badness 10000) in paragraph at lines 656--656
[]\T1/lmss/m/n/10.95 amp;amp; In-
 []


Underfull \hbox (badness 10000) in paragraph at lines 656--656
\T1/lmss/m/n/10.95 di-reta (re-quer
 []


Underfull \hbox (badness 1540) in paragraph at lines 656--656
[]\T1/lmss/m/n/10.95 amp;amp; Ativa
 []


Underfull \hbox (badness 1540) in paragraph at lines 656--656
[]\T1/lmss/m/n/10.95 amp;amp; Ativa
 []


Overfull \vbox (87.02815pt too high) detected at line 656
 []

File: logo_ufabc.png Graphic file (type png)
<use logo_ufabc.png>
Package pdftex.def Info: logo_ufabc.png  used on input line 656.
(pdftex.def)             Requested size: 37.19548pt x 24.18501pt.

Overfull \vbox (5.51874pt too high) has occurred while \output is active []

 [27

]
File: logo_ufabc.png Graphic file (type png)
<use logo_ufabc.png>
Package pdftex.def Info: logo_ufabc.png  used on input line 674.
(pdftex.def)             Requested size: 37.19548pt x 24.18501pt.

Overfull \vbox (5.51874pt too high) detected at line 674
 []


Underfull \hbox (badness 10000) in paragraph at lines 674--674
[]\T1/lmss/m/n/10.95 amp;amp; \T1/lmss/m/sl/10.95 BACK-
 []

File: logo_ufabc.png Graphic file (type png)
<use logo_ufabc.png>
Package pdftex.def Info: logo_ufabc.png  used on input line 674.
(pdftex.def)             Requested size: 37.19548pt x 24.18501pt.

Overfull \vbox (5.51874pt too high) has occurred while \output is active []

 [28

]
File: logo_ufabc.png Graphic file (type png)
<use logo_ufabc.png>
Package pdftex.def Info: logo_ufabc.png  used on input line 691.
(pdftex.def)             Requested size: 37.19548pt x 24.18501pt.

Overfull \vbox (5.51874pt too high) detected at line 691
 []

File: logo_ufabc.png Graphic file (type png)
<use logo_ufabc.png>
Package pdftex.def Info: logo_ufabc.png  used on input line 691.
(pdftex.def)             Requested size: 37.19548pt x 24.18501pt.

Overfull \vbox (5.51874pt too high) has occurred while \output is active []

 [29

]
File: logo_ufabc.png Graphic file (type png)
<use logo_ufabc.png>
Package pdftex.def Info: logo_ufabc.png  used on input line 706.
(pdftex.def)             Requested size: 37.19548pt x 24.18501pt.

Overfull \vbox (5.51874pt too high) detected at line 706
 []

File: logo_ufabc.png Graphic file (type png)
<use logo_ufabc.png>
Package pdftex.def Info: logo_ufabc.png  used on input line 706.
(pdftex.def)             Requested size: 37.19548pt x 24.18501pt.

Overfull \vbox (5.51874pt too high) has occurred while \output is active []

 [30

]
\tf@nav=\write6
\openout6 = `presentation.nav'.

\tf@toc=\write7
\openout7 = `presentation.toc'.

\tf@snm=\write8
\openout8 = `presentation.snm'.

 (presentation.aux)
 ***********
LaTeX2e <2025-11-01>
L3 programming layer <2026-01-19>
 ***********
Package rerunfilecheck Info: File `presentation.out' has not changed.
(rerunfilecheck)             Checksum: DE23C3480F96FCAB8C328864AB3B9E65;722.
 ) 
Here is how much of TeX's memory you used:
 37805 strings out of 467867
 802294 string characters out of 5417367
 1400032 words of memory out of 5000000
 65923 multiletter control sequences out of 15000+600000
 705560 words of font info for 94 fonts, out of 8000000 for 9000
 1141 hyphenation exceptions out of 8191
 128i,19n,123p,448b,1364s stack positions out of 10000i,1000n,20000p,200000b,200000s
<C:/Users/4GAMERS/AppData/Local/Programs/MiKTeX/fonts/type1/public/lm/lmmi10.pfb><C:/Users/4GAMERS/AppData/Local/Programs/MiKTeX/fonts/type1/public/lm/lmmi9.pfb><C:/Users/4GAMERS/AppData/Local/Programs/MiKTeX/fonts/type1/public/lm/lmss10.pfb><C:/Users/4GAMERS/AppData/Local/Programs/MiKTeX/fonts/type1/public/lm/lmss8.pfb><C:/Users/4GAMERS/AppData/Local/Programs/MiKTeX/fonts/type1/public/lm/lmss9.pfb><C:/Users/4GAMERS/AppData/Local/Programs/MiKTeX/fonts/type1/public/lm/lmssbo10.pfb><C:/Users/4GAMERS/AppData/Local/Programs/MiKTeX/fonts/type1/public/lm/lmssbx10.pfb><C:/Users/4GAMERS/AppData/Local/Programs/MiKTeX/fonts/type1/public/lm/lmsso10.pfb><C:/Users/4GAMERS/AppData/Local/Programs/MiKTeX/fonts/type1/public/lm/lmsso8.pfb><C:/Users/4GAMERS/AppData/Local/Programs/MiKTeX/fonts/type1/public/lm/lmsso9.pfb><C:/Users/4GAMERS/AppData/Local/Programs/MiKTeX/fonts/type1/public/lm/lmsy10.pfb><C:/Users/4GAMERS/AppData/Local/Programs/MiKTeX/fonts/type1/public/lm/lmsy6.pfb><C:/Users/4GAMERS/AppData/Local/Programs/MiKTeX/fonts/type1/public/lm/lmsy8.pfb><C:/Users/4GAMERS/AppData/Local/Programs/MiKTeX/fonts/type1/public/lm/lmsy9.pfb><C:/Users/4GAMERS/AppData/Local/Programs/MiKTeX/fonts/type1/public/lm/lmtk10.pfb><C:/Users/4GAMERS/AppData/Local/Programs/MiKTeX/fonts/type1/public/lm/lmtt10.pfb><C:/Users/4GAMERS/AppData/Local/Programs/MiKTeX/fonts/type1/public/lm/lmtt8.pfb><C:/Users/4GAMERS/AppData/Local/Programs/MiKTeX/fonts/type1/public/lm/lmtt9.pfb>
Output written on presentation.pdf (30 pages, 2307442 bytes).
PDF statistics:
 439 PDF objects out of 1000 (max. 8388607)
 67 named destinations out of 1000 (max. 500000)
 301 words of extra memory for PDF output out of 10000 (max. 10000000)

